0 verbose cli C:\Program Files\nodejs\node.exe C:\Program Files\nodejs\node_modules\npm\bin\npm-cli.js
1 info using npm@11.8.0
2 info using node@v24.13.1
3 silly config load:file:C:\Program Files\nodejs\node_modules\npm\npmrc
4 silly config load:file:C:\Users\user\Documents\raf\fullstack apsara\Apsara-Home-Frontend\.npmrc
5 silly config load:file:C:\Users\user\.npmrc
6 silly config load:file:C:\Users\user\AppData\Roaming\npm\etc\npmrc
7 verbose title npm ci
8 verbose argv "ci"
9 verbose logfile logs-max:10 dir:C:\Users\user\Documents\raf\fullstack apsara\Apsara-Home-Frontend\.npm-cache\_logs\2026-04-20T03_55_48_079Z-
10 verbose logfile C:\Users\user\Documents\raf\fullstack apsara\Apsara-Home-Frontend\.npm-cache\_logs\2026-04-20T03_55_48_079Z-debug-0.log
11 silly logfile done cleaning log files
12 silly packumentCache heap:4496293888 maxSize:1124073472 maxEntrySize:562036736
13 silly idealTree buildDeps
14 verbose stack Error: EPERM: operation not permitted, unlink 'C:\Users\user\Documents\raf\fullstack apsara\Apsara-Home-Frontend\node_modules\lightningcss-win32-x64-msvc\lightningcss.win32-x64-msvc.node'
15 error code EPERM
16 error syscall unlink
17 error path C:\Users\user\Documents\raf\fullstack apsara\Apsara-Home-Frontend\node_modules\lightningcss-win32-x64-msvc\lightningcss.win32-x64-msvc.node
18 error errno -4048
19 error [Error: EPERM: operation not permitted, unlink 'C:\Users\user\Documents\raf\fullstack apsara\Apsara-Home-Frontend\node_modules\lightningcss-win32-x64-msvc\lightningcss.win32-x64-msvc.node'] {
19 error   errno: -4048,
19 error   code: 'EPERM',
19 error   syscall: 'unlink',
19 error   path: 'C:\\Users\\user\\Documents\\raf\\fullstack apsara\\Apsara-Home-Frontend\\node_modules\\lightningcss-win32-x64-msvc\\lightningcss.win32-x64-msvc.node'
19 error }
20 error
20 error The operation was rejected by your operating system.
20 error It's possible that the file was already in use (by a text editor or antivirus),
20 error or that you lack permissions to access it.
20 error
20 error If you believe this might be a permissions issue, please double-check the
20 error permissions of the file and its containing directories, or try running
20 error the command again as root/Administrator.
21 verbose cwd C:\Users\user\Documents\raf\fullstack apsara\Apsara-Home-Frontend
22 verbose os Windows_NT 10.0.26200
23 verbose node v24.13.1
24 verbose npm  v11.8.0
25 verbose exit -4048
26 verbose code -4048
27 error A complete log of this run can be found in: C:\Users\user\Documents\raf\fullstack apsara\Apsara-Home-Frontend\.npm-cache\_logs\2026-04-20T03_55_48_079Z-debug-0.log
