0 verbose cli C:\Program Files\nodejs\node.exe C:\Program Files\nodejs\node_modules\npm\bin\npm-cli.js
1 info using npm@11.8.0
2 info using node@v24.13.1
3 silly config load:file:C:\Program Files\nodejs\node_modules\npm\npmrc
4 silly config load:file:C:\Users\user\Documents\raf\fullstack apsara\Apsara-Home-Frontend\.npmrc
5 silly config load:file:C:\Users\user\.npmrc
6 silly config load:file:C:\Users\user\AppData\Roaming\npm\etc\npmrc
7 verbose title npm install
8 verbose argv "install" "--package-lock-only"
9 verbose logfile logs-max:10 dir:C:\Users\user\Documents\raf\fullstack apsara\Apsara-Home-Frontend\.npm-cache\_logs\2026-04-20T03_55_29_112Z-
10 verbose logfile C:\Users\user\Documents\raf\fullstack apsara\Apsara-Home-Frontend\.npm-cache\_logs\2026-04-20T03_55_29_112Z-debug-0.log
11 silly logfile done cleaning log files
12 silly packumentCache heap:4496293888 maxSize:1124073472 maxEntrySize:562036736
13 silly idealTree buildDeps
14 silly fetch manifest @emnapi/runtime@^1.7.0
15 silly packumentCache full:https://registry.npmjs.org/@emnapi%2fruntime cache-miss
16 http fetch GET 200 https://registry.npmjs.org/@emnapi%2fruntime 446ms (cache miss)
17 silly packumentCache full:https://registry.npmjs.org/@emnapi%2fruntime set size:undefined disposed:false
18 silly placeDep ROOT @emnapi/runtime@1.10.0 OK for: @img/sharp-wasm32@0.34.5 want: ^1.7.0
19 silly fetch manifest @emnapi/core@^1.4.3
20 silly packumentCache full:https://registry.npmjs.org/@emnapi%2fcore cache-miss
21 http fetch GET 200 https://registry.npmjs.org/@emnapi%2fcore 150ms (cache miss)
22 silly packumentCache full:https://registry.npmjs.org/@emnapi%2fcore set size:undefined disposed:false
23 silly placeDep ROOT @emnapi/core@1.10.0 OK for: @napi-rs/wasm-runtime@0.2.12 want: ^1.4.3
24 silly fetch manifest @emnapi/core@1.9.2
25 silly packumentCache full:https://registry.npmjs.org/@emnapi%2fcore cache-miss
26 http cache https://registry.npmjs.org/@emnapi%2fcore 9ms (cache hit)
27 silly packumentCache full:https://registry.npmjs.org/@emnapi%2fcore set size:105841 disposed:false
28 silly fetch manifest @emnapi/runtime@1.9.2
29 silly packumentCache full:https://registry.npmjs.org/@emnapi%2fruntime cache-miss
30 http cache https://registry.npmjs.org/@emnapi%2fruntime 6ms (cache hit)
31 silly packumentCache full:https://registry.npmjs.org/@emnapi%2fruntime set size:108129 disposed:false
32 silly placeDep node_modules/@rolldown/binding-wasm32-wasi @emnapi/core@1.9.2 OK for: @rolldown/binding-wasm32-wasi@1.0.0-rc.15 want: 1.9.2
33 silly placeDep node_modules/@rolldown/binding-wasm32-wasi @emnapi/runtime@1.9.2 OK for: @rolldown/binding-wasm32-wasi@1.0.0-rc.15 want: 1.9.2
34 http cache https://registry.npmjs.org/@tailwindcss/oxide-wasm32-wasi/-/oxide-wasm32-wasi-4.1.18.tgz 0ms (cache hit)
35 silly tarball no local data for https://registry.npmjs.org/@tailwindcss/oxide-wasm32-wasi/-/oxide-wasm32-wasi-4.1.18.tgz. Extracting by manifest.
36 http fetch GET 200 https://registry.npmjs.org/npm 1258ms
37 http fetch GET 200 https://registry.npmjs.org/@tailwindcss/oxide-wasm32-wasi/-/oxide-wasm32-wasi-4.1.18.tgz 906ms (cache miss)
38 silly fetch manifest @floating-ui/dom@^1.0.0
39 silly packumentCache full:https://registry.npmjs.org/@floating-ui%2fdom cache-miss
40 http fetch GET 200 https://registry.npmjs.org/@floating-ui%2fdom 188ms (cache miss)
41 silly packumentCache full:https://registry.npmjs.org/@floating-ui%2fdom set size:undefined disposed:false
42 silly placeDep ROOT @floating-ui/dom@1.7.6 OK for: @tiptap/extension-bubble-menu@3.20.1 want: ^1.0.0
43 silly audit bulk request {
43 silly audit   '@alloc/quick-lru': [ '5.2.0' ],
43 silly audit   '@babel/code-frame': [ '7.29.0' ],
43 silly audit   '@babel/compat-data': [ '7.29.0' ],
43 silly audit   '@babel/core': [ '7.29.0' ],
43 silly audit   '@babel/generator': [ '7.29.1' ],
43 silly audit   '@babel/helper-annotate-as-pure': [ '7.27.3' ],
43 silly audit   '@babel/helper-compilation-targets': [ '7.28.6' ],
43 silly audit   '@babel/helper-create-class-features-plugin': [ '7.28.6' ],
43 silly audit   '@babel/helper-create-regexp-features-plugin': [ '7.28.5' ],
43 silly audit   '@babel/helper-define-polyfill-provider': [ '0.6.8' ],
43 silly audit   '@babel/helper-globals': [ '7.28.0' ],
43 silly audit   '@babel/helper-member-expression-to-functions': [ '7.28.5' ],
43 silly audit   '@babel/helper-module-imports': [ '7.28.6' ],
43 silly audit   '@babel/helper-module-transforms': [ '7.28.6' ],
43 silly audit   '@babel/helper-optimise-call-expression': [ '7.27.1' ],
43 silly audit   '@babel/helper-plugin-utils': [ '7.28.6' ],
43 silly audit   '@babel/helper-remap-async-to-generator': [ '7.27.1' ],
43 silly audit   '@babel/helper-replace-supers': [ '7.28.6' ],
43 silly audit   '@babel/helper-skip-transparent-expression-wrappers': [ '7.27.1' ],
43 silly audit   '@babel/helper-string-parser': [ '7.27.1' ],
43 silly audit   '@babel/helper-validator-identifier': [ '7.28.5' ],
43 silly audit   '@babel/helper-validator-option': [ '7.27.1' ],
43 silly audit   '@babel/helper-wrap-function': [ '7.28.6' ],
43 silly audit   '@babel/helpers': [ '7.28.6' ],
43 silly audit   '@babel/parser': [ '7.29.0' ],
43 silly audit   '@babel/plugin-bugfix-firefox-class-in-computed-class-key': [ '7.28.5' ],
43 silly audit   '@babel/plugin-bugfix-safari-class-field-initializer-scope': [ '7.27.1' ],
43 silly audit   '@babel/plugin-bugfix-safari-id-destructuring-collision-in-function-expression': [ '7.27.1' ],
43 silly audit   '@babel/plugin-bugfix-v8-spread-parameters-in-optional-chaining': [ '7.27.1' ],
43 silly audit   '@babel/plugin-bugfix-v8-static-class-fields-redefine-readonly': [ '7.28.6' ],
43 silly audit   '@babel/plugin-proposal-private-property-in-object': [ '7.21.0-placeholder-for-preset-env.2' ],
43 silly audit   '@babel/plugin-syntax-import-assertions': [ '7.28.6' ],
43 silly audit   '@babel/plugin-syntax-import-attributes': [ '7.28.6' ],
43 silly audit   '@babel/plugin-syntax-unicode-sets-regex': [ '7.18.6' ],
43 silly audit   '@babel/plugin-transform-arrow-functions': [ '7.27.1' ],
43 silly audit   '@babel/plugin-transform-async-generator-functions': [ '7.29.0' ],
43 silly audit   '@babel/plugin-transform-async-to-generator': [ '7.28.6' ],
43 silly audit   '@babel/plugin-transform-block-scoped-functions': [ '7.27.1' ],
43 silly audit   '@babel/plugin-transform-block-scoping': [ '7.28.6' ],
43 silly audit   '@babel/plugin-transform-class-properties': [ '7.28.6' ],
43 silly audit   '@babel/plugin-transform-class-static-block': [ '7.28.6' ],
43 silly audit   '@babel/plugin-transform-classes': [ '7.28.6' ],
43 silly audit   '@babel/plugin-transform-computed-properties': [ '7.28.6' ],
43 silly audit   '@babel/plugin-transform-destructuring': [ '7.28.5' ],
43 silly audit   '@babel/plugin-transform-dotall-regex': [ '7.28.6' ],
43 silly audit   '@babel/plugin-transform-duplicate-keys': [ '7.27.1' ],
43 silly audit   '@babel/plugin-transform-duplicate-named-capturing-groups-regex': [ '7.29.0' ],
43 silly audit   '@babel/plugin-transform-dynamic-import': [ '7.27.1' ],
43 silly audit   '@babel/plugin-transform-explicit-resource-management': [ '7.28.6' ],
43 silly audit   '@babel/plugin-transform-exponentiation-operator': [ '7.28.6' ],
43 silly audit   '@babel/plugin-transform-export-namespace-from': [ '7.27.1' ],
43 silly audit   '@babel/plugin-transform-for-of': [ '7.27.1' ],
43 silly audit   '@babel/plugin-transform-function-name': [ '7.27.1' ],
43 silly audit   '@babel/plugin-transform-json-strings': [ '7.28.6' ],
43 silly audit   '@babel/plugin-transform-literals': [ '7.27.1' ],
43 silly audit   '@babel/plugin-transform-logical-assignment-operators': [ '7.28.6' ],
43 silly audit   '@babel/plugin-transform-member-expression-literals': [ '7.27.1' ],
43 silly audit   '@babel/plugin-transform-modules-amd': [ '7.27.1' ],
43 silly audit   '@babel/plugin-transform-modules-commonjs': [ '7.28.6' ],
43 silly audit   '@babel/plugin-transform-modules-systemjs': [ '7.29.0' ],
43 silly audit   '@babel/plugin-transform-modules-umd': [ '7.27.1' ],
43 silly audit   '@babel/plugin-transform-named-capturing-groups-regex': [ '7.29.0' ],
43 silly audit   '@babel/plugin-transform-new-target': [ '7.27.1' ],
43 silly audit   '@babel/plugin-transform-nullish-coalescing-operator': [ '7.28.6' ],
43 silly audit   '@babel/plugin-transform-numeric-separator': [ '7.28.6' ],
43 silly audit   '@babel/plugin-transform-object-rest-spread': [ '7.28.6' ],
43 silly audit   '@babel/plugin-transform-object-super': [ '7.27.1' ],
43 silly audit   '@babel/plugin-transform-optional-catch-binding': [ '7.28.6' ],
43 silly audit   '@babel/plugin-transform-optional-chaining': [ '7.28.6' ],
43 silly audit   '@babel/plugin-transform-parameters': [ '7.27.7' ],
43 silly audit   '@babel/plugin-transform-private-methods': [ '7.28.6' ],
43 silly audit   '@babel/plugin-transform-private-property-in-object': [ '7.28.6' ],
43 silly audit   '@babel/plugin-transform-property-literals': [ '7.27.1' ],
43 silly audit   '@babel/plugin-transform-regenerator': [ '7.29.0' ],
43 silly audit   '@babel/plugin-transform-regexp-modifiers': [ '7.28.6' ],
43 silly audit   '@babel/plugin-transform-reserved-words': [ '7.27.1' ],
43 silly audit   '@babel/plugin-transform-shorthand-properties': [ '7.27.1' ],
43 silly audit   '@babel/plugin-transform-spread': [ '7.28.6' ],
43 silly audit   '@babel/plugin-transform-sticky-regex': [ '7.27.1' ],
43 silly audit   '@babel/plugin-transform-template-literals': [ '7.27.1' ],
43 silly audit   '@babel/plugin-transform-typeof-symbol': [ '7.27.1' ],
43 silly audit   '@babel/plugin-transform-unicode-escapes': [ '7.27.1' ],
43 silly audit   '@babel/plugin-transform-unicode-property-regex': [ '7.28.6' ],
43 silly audit   '@babel/plugin-transform-unicode-regex': [ '7.27.1' ],
43 silly audit   '@babel/plugin-transform-unicode-sets-regex': [ '7.28.6' ],
43 silly audit   '@babel/preset-env': [ '7.29.2' ],
43 silly audit   '@babel/preset-modules': [ '0.1.6-no-external-plugins' ],
43 silly audit   '@babel/runtime': [ '7.28.6' ],
43 silly audit   '@babel/template': [ '7.28.6' ],
43 silly audit   '@babel/traverse': [ '7.29.0' ],
43 silly audit   '@babel/types': [ '7.29.0' ],
43 silly audit   '@emnapi/wasi-threads': [ '1.2.1', '1.1.0' ],
43 silly audit   '@eslint-community/eslint-utils': [ '4.9.1' ],
43 silly audit   'eslint-visitor-keys': [ '3.4.3', '4.2.1' ],
43 silly audit   '@eslint-community/regexpp': [ '4.12.2' ],
43 silly audit   '@eslint/config-array': [ '0.21.1' ],
43 silly audit   '@eslint/config-helpers': [ '0.4.2' ],
43 silly audit   '@eslint/core': [ '0.17.0' ],
43 silly audit   '@eslint/eslintrc': [ '3.3.3' ],
43 silly audit   '@eslint/js': [ '9.39.2' ],
43 silly audit   '@eslint/object-schema': [ '2.1.7' ],
43 silly audit   '@eslint/plugin-kit': [ '0.4.1' ],
43 silly audit   '@floating-ui/core': [ '1.7.5' ],
43 silly audit   '@floating-ui/utils': [ '0.2.11' ],
43 silly audit   '@formatjs/ecma402-abstract': [ '2.3.6' ],
43 silly audit   '@formatjs/fast-memoize': [ '2.2.7' ],
43 silly audit   '@formatjs/icu-messageformat-parser': [ '2.11.4' ],
43 silly audit   '@formatjs/icu-skeleton-parser': [ '1.8.16' ],
43 silly audit   '@formatjs/intl-localematcher': [ '0.6.2' ],
43 silly audit   '@heroui/react': [ '3.0.2' ],
43 silly audit   '@heroui/styles': [ '3.0.2' ],
43 silly audit   '@humanfs/core': [ '0.19.1' ],
43 silly audit   '@humanfs/node': [ '0.16.7' ],
43 silly audit   '@humanwhocodes/module-importer': [ '1.0.1' ],
43 silly audit   '@humanwhocodes/retry': [ '0.4.3' ],
43 silly audit   '@img/colour': [ '1.0.0' ],
43 silly audit   '@img/sharp-darwin-arm64': [ '0.34.5' ],
43 silly audit   '@img/sharp-darwin-x64': [ '0.34.5' ],
43 silly audit   '@img/sharp-libvips-darwin-arm64': [ '1.2.4' ],
43 silly audit   '@img/sharp-libvips-darwin-x64': [ '1.2.4' ],
43 silly audit   '@img/sharp-libvips-linux-arm': [ '1.2.4' ],
43 silly audit   '@img/sharp-libvips-linux-arm64': [ '1.2.4' ],
43 silly audit   '@img/sharp-libvips-linux-ppc64': [ '1.2.4' ],
43 silly audit   '@img/sharp-libvips-linux-riscv64': [ '1.2.4' ],
43 silly audit   '@img/sharp-libvips-linux-s390x': [ '1.2.4' ],
43 silly audit   '@img/sharp-libvips-linux-x64': [ '1.2.4' ],
43 silly audit   '@img/sharp-libvips-linuxmusl-arm64': [ '1.2.4' ],
43 silly audit   '@img/sharp-libvips-linuxmusl-x64': [ '1.2.4' ],
43 silly audit   '@img/sharp-linux-arm': [ '0.34.5' ],
43 silly audit   '@img/sharp-linux-arm64': [ '0.34.5' ],
43 silly audit   '@img/sharp-linux-ppc64': [ '0.34.5' ],
43 silly audit   '@img/sharp-linux-riscv64': [ '0.34.5' ],
43 silly audit   '@img/sharp-linux-s390x': [ '0.34.5' ],
43 silly audit   '@img/sharp-linux-x64': [ '0.34.5' ],
43 silly audit   '@img/sharp-linuxmusl-arm64': [ '0.34.5' ],
43 silly audit   '@img/sharp-linuxmusl-x64': [ '0.34.5' ],
43 silly audit   '@img/sharp-wasm32': [ '0.34.5' ],
43 silly audit   '@img/sharp-win32-arm64': [ '0.34.5' ],
43 silly audit   '@img/sharp-win32-ia32': [ '0.34.5' ],
43 silly audit   '@img/sharp-win32-x64': [ '0.34.5' ],
43 silly audit   '@internationalized/date': [ '3.12.0' ],
43 silly audit   '@internationalized/message': [ '3.1.8' ],
43 silly audit   '@internationalized/number': [ '3.6.5' ],
43 silly audit   '@internationalized/string': [ '3.2.7' ],
43 silly audit   '@jridgewell/gen-mapping': [ '0.3.13' ],
43 silly audit   '@jridgewell/remapping': [ '2.3.5' ],
43 silly audit   '@jridgewell/resolve-uri': [ '3.1.2' ],
43 silly audit   '@jridgewell/source-map': [ '0.3.11' ],
43 silly audit   '@jridgewell/sourcemap-codec': [ '1.5.5' ],
43 silly audit   '@jridgewell/trace-mapping': [ '0.3.31' ],
43 silly audit   '@napi-rs/wasm-runtime': [ '0.2.12', '1.1.3', '1.1.0' ],
43 silly audit   '@next/env': [ '16.1.6' ],
43 silly audit   '@next/eslint-plugin-next': [ '16.1.6' ],
43 silly audit   '@next/swc-darwin-arm64': [ '16.1.6' ],
43 silly audit   '@next/swc-darwin-x64': [ '16.1.6' ],
43 silly audit   '@next/swc-linux-arm64-gnu': [ '16.1.6' ],
43 silly audit   '@next/swc-linux-arm64-musl': [ '16.1.6' ],
43 silly audit   '@next/swc-linux-x64-gnu': [ '16.1.6' ],
43 silly audit   '@next/swc-linux-x64-musl': [ '16.1.6' ],
43 silly audit   '@next/swc-win32-arm64-msvc': [ '16.1.6' ],
43 silly audit   '@next/swc-win32-x64-msvc': [ '16.1.6' ],
43 silly audit   '@nodelib/fs.scandir': [ '2.1.5' ],
43 silly audit   '@nodelib/fs.stat': [ '2.0.5' ],
43 silly audit   '@nodelib/fs.walk': [ '1.2.8' ],
43 silly audit   '@nolyfill/is-core-module': [ '1.0.39' ],
43 silly audit   '@oxc-project/types': [ '0.124.0' ],
43 silly audit   '@panva/hkdf': [ '1.2.1' ],
43 silly audit   '@radix-ui/react-avatar': [ '1.1.11' ],
43 silly audit   '@radix-ui/react-compose-refs': [ '1.1.2' ],
43 silly audit   '@radix-ui/react-context': [ '1.1.3' ],
43 silly audit   '@radix-ui/react-primitive': [ '2.1.4' ],
43 silly audit   '@radix-ui/react-slot': [ '1.2.4' ],
43 silly audit   '@radix-ui/react-use-callback-ref': [ '1.1.1' ],
43 silly audit   '@radix-ui/react-use-is-hydrated': [ '0.1.0' ],
43 silly audit   '@radix-ui/react-use-layout-effect': [ '1.1.1' ],
43 silly audit   '@react-aria/autocomplete': [ '3.0.0-rc.6' ],
43 silly audit   '@react-aria/breadcrumbs': [ '3.5.32' ],
43 silly audit   '@react-aria/button': [ '3.14.5' ],
43 silly audit   '@react-aria/calendar': [ '3.9.5' ],
43 silly audit   '@react-aria/checkbox': [ '3.16.5' ],
43 silly audit   '@react-aria/collections': [ '3.0.3' ],
43 silly audit   '@react-aria/color': [ '3.1.5' ],
43 silly audit   '@react-aria/combobox': [ '3.15.0' ],
43 silly audit   '@react-aria/datepicker': [ '3.16.1' ],
43 silly audit   '@react-aria/dialog': [ '3.5.34' ],
43 silly audit   '@react-aria/disclosure': [ '3.1.3' ],
43 silly audit   '@react-aria/dnd': [ '3.11.6' ],
43 silly audit   '@react-aria/focus': [ '3.21.5' ],
43 silly audit   '@react-aria/form': [ '3.1.5' ],
43 silly audit   '@react-aria/grid': [ '3.14.8' ],
43 silly audit   '@react-aria/gridlist': [ '3.14.4' ],
43 silly audit   '@react-aria/i18n': [ '3.12.16' ],
43 silly audit   '@react-aria/interactions': [ '3.27.1' ],
43 silly audit   '@react-aria/label': [ '3.7.25' ],
43 silly audit   '@react-aria/landmark': [ '3.0.10' ],
43 silly audit   '@react-aria/link': [ '3.8.9' ],
43 silly audit   '@react-aria/listbox': [ '3.15.3' ],
43 silly audit   '@react-aria/live-announcer': [ '3.4.4' ],
43 silly audit   '@react-aria/menu': [ '3.21.0' ],
43 silly audit   '@react-aria/meter': [ '3.4.30' ],
43 silly audit   '@react-aria/numberfield': [ '3.12.5' ],
43 silly audit   '@react-aria/overlays': [ '3.31.2' ],
43 silly audit   '@react-aria/progress': [ '3.4.30' ],
43 silly audit   '@react-aria/radio': [ '3.12.5' ],
43 silly audit   '@react-aria/searchfield': [ '3.8.12' ],
43 silly audit   '@react-aria/select': [ '3.17.3' ],
43 silly audit   '@react-aria/selection': [ '3.27.2' ],
43 silly audit   '@react-aria/separator': [ '3.4.16' ],
43 silly audit   '@react-aria/slider': [ '3.8.5' ],
43 silly audit   '@react-aria/spinbutton': [ '3.7.2' ],
43 silly audit   '@react-aria/ssr': [ '3.9.10' ],
43 silly audit   '@react-aria/switch': [ '3.7.11' ],
43 silly audit   '@react-aria/table': [ '3.17.11' ],
43 silly audit   '@react-aria/tabs': [ '3.11.1' ],
43 silly audit   '@react-aria/tag': [ '3.8.1' ],
43 silly audit   '@react-aria/textfield': [ '3.18.5' ],
43 silly audit   '@react-aria/toast': [ '3.0.11' ],
43 silly audit   '@react-aria/toggle': [ '3.12.5' ],
43 silly audit   '@react-aria/toolbar': [ '3.0.0-beta.24' ],
43 silly audit   '@react-aria/tooltip': [ '3.9.2' ],
43 silly audit   '@react-aria/tree': [ '3.1.7' ],
43 silly audit   '@react-aria/utils': [ '3.33.1' ],
43 silly audit   '@react-aria/virtualizer': [ '4.1.13' ],
43 silly audit   '@react-aria/visually-hidden': [ '3.8.31' ],
43 silly audit   '@react-stately/autocomplete': [ '3.0.0-beta.4' ],
43 silly audit   '@react-stately/calendar': [ '3.9.3' ],
43 silly audit   '@react-stately/checkbox': [ '3.7.5' ],
43 silly audit   '@react-stately/collections': [ '3.12.10' ],
43 silly audit   '@react-stately/color': [ '3.9.5' ],
43 silly audit   '@react-stately/combobox': [ '3.13.0' ],
43 silly audit   '@react-stately/data': [ '3.15.2' ],
43 silly audit   '@react-stately/datepicker': [ '3.16.1' ],
43 silly audit   '@react-stately/disclosure': [ '3.0.11' ],
43 silly audit   '@react-stately/dnd': [ '3.7.4' ],
43 silly audit   '@react-stately/flags': [ '3.1.2' ],
43 silly audit   '@react-stately/form': [ '3.2.4' ],
43 silly audit   '@react-stately/grid': [ '3.11.9' ],
43 silly audit   '@react-stately/layout': [ '4.6.0' ],
43 silly audit   '@react-stately/list': [ '3.13.4' ],
43 silly audit   '@react-stately/menu': [ '3.9.11' ],
43 silly audit   '@react-stately/numberfield': [ '3.11.0' ],
43 silly audit   '@react-stately/overlays': [ '3.6.23' ],
43 silly audit   '@react-stately/radio': [ '3.11.5' ],
43 silly audit   '@react-stately/searchfield': [ '3.5.19' ],
43 silly audit   '@react-stately/select': [ '3.9.2' ],
43 silly audit   '@react-stately/selection': [ '3.20.9' ],
43 silly audit   '@react-stately/slider': [ '3.7.5' ],
43 silly audit   '@react-stately/table': [ '3.15.4' ],
43 silly audit   '@react-stately/tabs': [ '3.8.9' ],
43 silly audit   '@react-stately/toast': [ '3.1.3' ],
43 silly audit   '@react-stately/toggle': [ '3.9.5' ],
43 silly audit   '@react-stately/tooltip': [ '3.5.11' ],
43 silly audit   '@react-stately/tree': [ '3.9.6' ],
43 silly audit   '@react-stately/utils': [ '3.11.0' ],
43 silly audit   '@react-stately/virtualizer': [ '4.4.6' ],
43 silly audit   '@react-types/autocomplete': [ '3.0.0-alpha.38' ],
43 silly audit   '@react-types/breadcrumbs': [ '3.7.19' ],
43 silly audit   '@react-types/button': [ '3.15.1' ],
43 silly audit   '@react-types/calendar': [ '3.8.3' ],
43 silly audit   '@react-types/checkbox': [ '3.10.4' ],
43 silly audit   '@react-types/color': [ '3.1.4' ],
43 silly audit   '@react-types/combobox': [ '3.14.0' ],
43 silly audit   '@react-types/datepicker': [ '3.13.5' ],
43 silly audit   '@react-types/dialog': [ '3.5.24' ],
43 silly audit   '@react-types/form': [ '3.7.18' ],
43 silly audit   '@react-types/grid': [ '3.3.8' ],
43 silly audit   '@react-types/link': [ '3.6.7' ],
43 silly audit   '@react-types/listbox': [ '3.7.6' ],
43 silly audit   '@react-types/menu': [ '3.10.7' ],
43 silly audit   '@react-types/meter': [ '3.4.15' ],
43 silly audit   '@react-types/numberfield': [ '3.8.18' ],
43 silly audit   '@react-types/overlays': [ '3.9.4' ],
43 silly audit   '@react-types/progress': [ '3.5.18' ],
43 silly audit   '@react-types/radio': [ '3.9.4' ],
43 silly audit   '@react-types/searchfield': [ '3.6.8' ],
43 silly audit   '@react-types/select': [ '3.12.2' ],
43 silly audit   '@react-types/shared': [ '3.33.1' ],
43 silly audit   '@react-types/slider': [ '3.8.4' ],
43 silly audit   '@react-types/switch': [ '3.5.17' ],
43 silly audit   '@react-types/table': [ '3.13.6' ],
43 silly audit   '@react-types/tabs': [ '3.3.22' ],
43 silly audit   '@react-types/textfield': [ '3.12.8' ],
43 silly audit   '@react-types/tooltip': [ '3.5.2' ],
43 silly audit   '@reduxjs/toolkit': [ '2.11.2' ],
43 silly audit   '@remirror/core-constants': [ '3.0.0' ],
43 silly audit   '@rolldown/binding-android-arm64': [ '1.0.0-rc.15' ],
43 silly audit   '@rolldown/binding-darwin-arm64': [ '1.0.0-rc.15' ],
43 silly audit   '@rolldown/binding-darwin-x64': [ '1.0.0-rc.15' ],
43 silly audit   '@rolldown/binding-freebsd-x64': [ '1.0.0-rc.15' ],
43 silly audit   '@rolldown/binding-linux-arm-gnueabihf': [ '1.0.0-rc.15' ],
43 silly audit   '@rolldown/binding-linux-arm64-gnu': [ '1.0.0-rc.15' ],
43 silly audit   '@rolldown/binding-linux-arm64-musl': [ '1.0.0-rc.15' ],
43 silly audit   '@rolldown/binding-linux-ppc64-gnu': [ '1.0.0-rc.15' ],
43 silly audit   '@rolldown/binding-linux-s390x-gnu': [ '1.0.0-rc.15' ],
43 silly audit   '@rolldown/binding-linux-x64-gnu': [ '1.0.0-rc.15' ],
43 silly audit   '@rolldown/binding-linux-x64-musl': [ '1.0.0-rc.15' ],
43 silly audit   '@rolldown/binding-openharmony-arm64': [ '1.0.0-rc.15' ],
43 silly audit   '@rolldown/binding-wasm32-wasi': [ '1.0.0-rc.15' ],
43 silly audit   '@rolldown/binding-win32-arm64-msvc': [ '1.0.0-rc.15' ],
43 silly audit   '@rolldown/binding-win32-x64-msvc': [ '1.0.0-rc.15' ],
43 silly audit   '@rolldown/pluginutils': [ '1.0.0-rc.15' ],
43 silly audit   '@rollup/plugin-babel': [ '5.3.1' ],
43 silly audit   '@rollup/plugin-node-resolve': [ '11.2.1' ],
43 silly audit   '@rollup/plugin-replace': [ '2.4.2' ],
43 silly audit   'magic-string': [ '0.25.9', '0.30.21' ],
43 silly audit   '@rollup/pluginutils': [ '3.1.0' ],
43 silly audit   '@types/estree': [ '0.0.39', '1.0.8' ],
43 silly audit   '@rtsao/scc': [ '1.1.0' ],
43 silly audit   '@socket.io/component-emitter': [ '3.1.2' ],
43 silly audit   '@standard-schema/spec': [ '1.1.0' ],
43 silly audit   '@standard-schema/utils': [ '0.3.0' ],
43 silly audit   '@surma/rollup-plugin-off-main-thread': [ '2.2.3' ],
43 silly audit   '@swc/helpers': [ '0.5.15' ],
43 silly audit   '@tailwindcss/node': [ '4.1.18' ],
43 silly audit   '@tailwindcss/oxide': [ '4.1.18' ],
43 silly audit   '@tailwindcss/oxide-android-arm64': [ '4.1.18' ],
43 silly audit   '@tailwindcss/oxide-darwin-arm64': [ '4.1.18' ],
43 silly audit   '@tailwindcss/oxide-darwin-x64': [ '4.1.18' ],
43 silly audit   '@tailwindcss/oxide-freebsd-x64': [ '4.1.18' ],
43 silly audit   '@tailwindcss/oxide-linux-arm-gnueabihf': [ '4.1.18' ],
43 silly audit   '@tailwindcss/oxide-linux-arm64-gnu': [ '4.1.18' ],
43 silly audit   '@tailwindcss/oxide-linux-arm64-musl': [ '4.1.18' ],
43 silly audit   '@tailwindcss/oxide-linux-x64-gnu': [ '4.1.18' ],
43 silly audit   '@tailwindcss/oxide-linux-x64-musl': [ '4.1.18' ],
43 silly audit   '@tailwindcss/oxide-win32-arm64-msvc': [ '4.1.18' ],
43 silly audit   '@tailwindcss/oxide-win32-x64-msvc': [ '4.1.18' ],
43 silly audit   '@tailwindcss/postcss': [ '4.1.18' ],
43 silly audit   '@tailwindcss/typography': [ '0.5.19' ],
43 silly audit   '@tiptap/core': [ '3.20.1' ],
43 silly audit   '@tiptap/extension-blockquote': [ '3.20.1' ],
43 silly audit   '@tiptap/extension-bold': [ '3.20.1' ],
43 silly audit   '@tiptap/extension-bubble-menu': [ '3.20.1' ],
43 silly audit   '@tiptap/extension-bullet-list': [ '3.20.1' ],
43 silly audit   '@tiptap/extension-code': [ '3.20.1' ],
43 silly audit   '@tiptap/extension-code-block': [ '3.20.1' ],
43 silly audit   '@tiptap/extension-document': [ '3.20.1' ],
43 silly audit   '@tiptap/extension-dropcursor': [ '3.20.1' ],
43 silly audit   '@tiptap/extension-floating-menu': [ '3.20.1' ],
43 silly audit   '@tiptap/extension-gapcursor': [ '3.20.1' ],
43 silly audit   '@tiptap/extension-hard-break': [ '3.20.1' ],
43 silly audit   '@tiptap/extension-heading': [ '3.20.1' ],
43 silly audit   '@tiptap/extension-horizontal-rule': [ '3.20.1' ],
43 silly audit   '@tiptap/extension-italic': [ '3.20.1' ],
43 silly audit   '@tiptap/extension-link': [ '3.20.1' ],
43 silly audit   '@tiptap/extension-list': [ '3.20.1' ],
43 silly audit   '@tiptap/extension-list-item': [ '3.20.1' ],
43 silly audit   '@tiptap/extension-list-keymap': [ '3.20.1' ],
43 silly audit   '@tiptap/extension-ordered-list': [ '3.20.1' ],
43 silly audit   '@tiptap/extension-paragraph': [ '3.20.1' ],
43 silly audit   '@tiptap/extension-strike': [ '3.20.1' ],
43 silly audit   '@tiptap/extension-text': [ '3.20.1' ],
43 silly audit   '@tiptap/extension-text-align': [ '3.20.1' ],
43 silly audit   '@tiptap/extension-underline': [ '3.20.1' ],
43 silly audit   '@tiptap/extensions': [ '3.20.1' ],
43 silly audit   '@tiptap/pm': [ '3.20.1' ],
43 silly audit   '@tiptap/react': [ '3.20.1' ],
43 silly audit   '@tiptap/starter-kit': [ '3.20.1' ],
43 silly audit   '@tybys/wasm-util': [ '0.10.1' ],
43 silly audit   '@types/chai': [ '5.2.3' ],
43 silly audit   '@types/d3-array': [ '3.2.2' ],
43 silly audit   '@types/d3-color': [ '3.1.3' ],
43 silly audit   '@types/d3-ease': [ '3.0.2' ],
43 silly audit   '@types/d3-interpolate': [ '3.0.4' ],
43 silly audit   '@types/d3-path': [ '3.1.1' ],
43 silly audit   '@types/d3-scale': [ '4.0.9' ],
43 silly audit   '@types/d3-shape': [ '3.1.8' ],
43 silly audit   '@types/d3-time': [ '3.0.4' ],
43 silly audit   '@types/d3-timer': [ '3.0.2' ],
43 silly audit   '@types/deep-eql': [ '4.0.2' ],
43 silly audit   '@types/eslint': [ '9.6.1' ],
43 silly audit   '@types/eslint-scope': [ '3.7.7' ],
43 silly audit   '@types/glob': [ '7.2.0' ],
43 silly audit   '@types/json-schema': [ '7.0.15' ],
43 silly audit   '@types/json5': [ '0.0.29' ],
43 silly audit   '@types/linkify-it': [ '5.0.0' ],
43 silly audit   '@types/markdown-it': [ '14.1.2' ],
43 silly audit   '@types/mdurl': [ '2.0.0' ],
43 silly audit   '@types/minimatch': [ '5.1.2' ],
43 silly audit   '@types/node': [ '20.19.33' ],
43 silly audit   '@types/react': [ '19.2.14' ],
43 silly audit   '@types/react-dom': [ '19.2.3' ],
43 silly audit   '@types/resolve': [ '1.17.1' ],
43 silly audit   '@types/trusted-types': [ '2.0.7' ],
43 silly audit   '@types/use-sync-external-store': [ '0.0.6' ],
43 silly audit   '@typescript-eslint/eslint-plugin': [ '8.55.0' ],
43 silly audit   ignore: [ '7.0.5', '5.3.2' ],
43 silly audit   '@typescript-eslint/parser': [ '8.55.0' ],
43 silly audit   '@typescript-eslint/project-service': [ '8.55.0' ],
43 silly audit   '@typescript-eslint/scope-manager': [ '8.55.0' ],
43 silly audit   '@typescript-eslint/tsconfig-utils': [ '8.55.0' ],
43 silly audit   '@typescript-eslint/type-utils': [ '8.55.0' ],
43 silly audit   '@typescript-eslint/types': [ '8.55.0' ],
43 silly audit   '@typescript-eslint/typescript-estree': [ '8.55.0' ],
43 silly audit   'brace-expansion': [ '2.0.2', '1.1.12', '2.0.3' ],
43 silly audit   minimatch: [ '9.0.5', '5.1.9', '3.1.2' ],
43 silly audit   semver: [ '7.7.4', '6.3.1' ],
43 silly audit   '@typescript-eslint/utils': [ '8.55.0' ],
43 silly audit   '@typescript-eslint/visitor-keys': [ '8.55.0' ],
43 silly audit   '@unrs/resolver-binding-android-arm-eabi': [ '1.11.1' ],
43 silly audit   '@unrs/resolver-binding-android-arm64': [ '1.11.1' ],
43 silly audit   '@unrs/resolver-binding-darwin-arm64': [ '1.11.1' ],
43 silly audit   '@unrs/resolver-binding-darwin-x64': [ '1.11.1' ],
43 silly audit   '@unrs/resolver-binding-freebsd-x64': [ '1.11.1' ],
43 silly audit   '@unrs/resolver-binding-linux-arm-gnueabihf': [ '1.11.1' ],
43 silly audit   '@unrs/resolver-binding-linux-arm-musleabihf': [ '1.11.1' ],
43 silly audit   '@unrs/resolver-binding-linux-arm64-gnu': [ '1.11.1' ],
43 silly audit   '@unrs/resolver-binding-linux-arm64-musl': [ '1.11.1' ],
43 silly audit   '@unrs/resolver-binding-linux-ppc64-gnu': [ '1.11.1' ],
43 silly audit   '@unrs/resolver-binding-linux-riscv64-gnu': [ '1.11.1' ],
43 silly audit   '@unrs/resolver-binding-linux-riscv64-musl': [ '1.11.1' ],
43 silly audit   '@unrs/resolver-binding-linux-s390x-gnu': [ '1.11.1' ],
43 silly audit   '@unrs/resolver-binding-linux-x64-gnu': [ '1.11.1' ],
43 silly audit   '@unrs/resolver-binding-linux-x64-musl': [ '1.11.1' ],
43 silly audit   '@unrs/resolver-binding-wasm32-wasi': [ '1.11.1' ],
43 silly audit   '@unrs/resolver-binding-win32-arm64-msvc': [ '1.11.1' ],
43 silly audit   '@unrs/resolver-binding-win32-ia32-msvc': [ '1.11.1' ],
43 silly audit   '@unrs/resolver-binding-win32-x64-msvc': [ '1.11.1' ],
43 silly audit   '@vitest/expect': [ '4.1.4' ],
43 silly audit   '@vitest/mocker': [ '4.1.4' ],
43 silly audit   'estree-walker': [ '3.0.3', '1.0.1' ],
43 silly audit   '@vitest/pretty-format': [ '4.1.4' ],
43 silly audit   '@vitest/runner': [ '4.1.4' ],
43 silly audit   '@vitest/snapshot': [ '4.1.4' ],
43 silly audit   '@vitest/spy': [ '4.1.4' ],
43 silly audit   '@vitest/utils': [ '4.1.4' ],
43 silly audit   '@webassemblyjs/ast': [ '1.14.1' ],
43 silly audit   '@webassemblyjs/floating-point-hex-parser': [ '1.13.2' ],
43 silly audit   '@webassemblyjs/helper-api-error': [ '1.13.2' ],
43 silly audit   '@webassemblyjs/helper-buffer': [ '1.14.1' ],
43 silly audit   '@webassemblyjs/helper-numbers': [ '1.13.2' ],
43 silly audit   '@webassemblyjs/helper-wasm-bytecode': [ '1.13.2' ],
43 silly audit   '@webassemblyjs/helper-wasm-section': [ '1.14.1' ],
43 silly audit   '@webassemblyjs/ieee754': [ '1.13.2' ],
43 silly audit   '@webassemblyjs/leb128': [ '1.13.2' ],
43 silly audit   '@webassemblyjs/utf8': [ '1.13.2' ],
43 silly audit   '@webassemblyjs/wasm-edit': [ '1.14.1' ],
43 silly audit   '@webassemblyjs/wasm-gen': [ '1.14.1' ],
43 silly audit   '@webassemblyjs/wasm-opt': [ '1.14.1' ],
43 silly audit   '@webassemblyjs/wasm-parser': [ '1.14.1' ],
43 silly audit   '@webassemblyjs/wast-printer': [ '1.14.1' ],
43 silly audit   '@xtuc/ieee754': [ '1.2.0' ],
43 silly audit   '@xtuc/long': [ '4.2.2' ],
43 silly audit   acorn: [ '8.16.0' ],
43 silly audit   'acorn-import-phases': [ '1.0.4' ],
43 silly audit   'acorn-jsx': [ '5.3.2' ],
43 silly audit   'adler-32': [ '1.3.1' ],
43 silly audit   ajv: [ '6.12.6', '8.18.0' ],
43 silly audit   'ajv-formats': [ '2.1.1' ],
43 silly audit   'json-schema-traverse': [ '1.0.0', '0.4.1' ],
43 silly audit   'ajv-keywords': [ '3.5.2', '5.1.0' ],
43 silly audit   'ansi-styles': [ '4.3.0' ],
43 silly audit   argparse: [ '2.0.1' ],
43 silly audit   'aria-query': [ '5.3.2' ],
43 silly audit   'array-buffer-byte-length': [ '1.0.2' ],
43 silly audit   'array-includes': [ '3.1.9' ],
43 silly audit   'array-union': [ '2.1.0', '1.0.2' ],
43 silly audit   'array-uniq': [ '1.0.3' ],
43 silly audit   'array.prototype.findlast': [ '1.2.5' ],
43 silly audit   'array.prototype.findlastindex': [ '1.2.6' ],
43 silly audit   'array.prototype.flat': [ '1.3.3' ],
43 silly audit   'array.prototype.flatmap': [ '1.3.3' ],
43 silly audit   'array.prototype.tosorted': [ '1.1.4' ],
43 silly audit   'arraybuffer.prototype.slice': [ '1.0.4' ],
43 silly audit   'assertion-error': [ '2.0.1' ],
43 silly audit   'ast-types-flow': [ '0.0.8' ],
43 silly audit   async: [ '3.2.6' ],
43 silly audit   'async-function': [ '1.0.0' ],
43 silly audit   'at-least-node': [ '1.0.0' ],
43 silly audit   'available-typed-arrays': [ '1.0.7' ],
43 silly audit   'axe-core': [ '4.11.1' ],
43 silly audit   'axobject-query': [ '4.1.0' ],
43 silly audit   'babel-loader': [ '8.4.1' ],
43 silly audit   'babel-plugin-polyfill-corejs2': [ '0.4.17' ],
43 silly audit   'babel-plugin-polyfill-corejs3': [ '0.14.2' ],
43 silly audit   'babel-plugin-polyfill-regenerator': [ '0.6.8' ],
43 silly audit   'balanced-match': [ '1.0.2' ],
43 silly audit   'baseline-browser-mapping': [ '2.9.19' ],
43 silly audit   'big.js': [ '5.2.2' ],
43 silly audit   braces: [ '3.0.3' ],
43 silly audit   browserslist: [ '4.28.1' ],
43 silly audit   'buffer-from': [ '1.1.2' ],
43 silly audit   'builtin-modules': [ '3.3.0' ],
43 silly audit   'call-bind': [ '1.0.8' ],
43 silly audit   'call-bind-apply-helpers': [ '1.0.2' ],
43 silly audit   'call-bound': [ '1.0.4' ],
43 silly audit   callsites: [ '3.1.0' ],
43 silly audit   'caniuse-lite': [ '1.0.30001769' ],
43 silly audit   cfb: [ '1.2.2' ],
43 silly audit   chai: [ '6.2.2' ],
43 silly audit   chalk: [ '4.1.2' ],
43 silly audit   'chrome-trace-event': [ '1.0.4' ],
43 silly audit   'clean-webpack-plugin': [ '4.0.0' ],
43 silly audit   'client-only': [ '0.0.1' ],
43 silly audit   cloudinary: [ '2.9.0' ],
43 silly audit   clsx: [ '2.1.1' ],
43 silly audit   codepage: [ '1.15.0' ],
43 silly audit   'color-convert': [ '2.0.1' ],
43 silly audit   'color-name': [ '1.1.4' ],
43 silly audit   commander: [ '2.20.3' ],
43 silly audit   'common-tags': [ '1.8.2' ],
43 silly audit   commondir: [ '1.0.1' ],
43 silly audit   'concat-map': [ '0.0.1' ],
43 silly audit   'convert-source-map': [ '2.0.0' ],
43 silly audit   cookie: [ '0.7.2' ],
43 silly audit   'core-js-compat': [ '3.49.0' ],
43 silly audit   'crc-32': [ '1.2.2' ],
43 silly audit   crelt: [ '1.0.6' ],
43 silly audit   'cross-spawn': [ '7.0.6' ],
43 silly audit   'crypto-random-string': [ '2.0.0' ],
43 silly audit   cssesc: [ '3.0.0' ],
43 silly audit   csstype: [ '3.2.3' ],
43 silly audit   'd3-array': [ '3.2.4' ],
43 silly audit   'd3-color': [ '3.1.0' ],
43 silly audit   'd3-ease': [ '3.0.1' ],
43 silly audit   'd3-format': [ '3.1.2' ],
43 silly audit   'd3-interpolate': [ '3.0.1' ],
43 silly audit   'd3-path': [ '3.1.0' ],
43 silly audit   'd3-scale': [ '4.0.2' ],
43 silly audit   'd3-shape': [ '3.2.0' ],
43 silly audit   'd3-time': [ '3.1.0' ],
43 silly audit   'd3-time-format': [ '4.1.0' ],
43 silly audit   'd3-timer': [ '3.0.1' ],
43 silly audit   'damerau-levenshtein': [ '1.0.8' ],
43 silly audit   'data-view-buffer': [ '1.0.2' ],
43 silly audit   'data-view-byte-length': [ '1.0.2' ],
43 silly audit   'data-view-byte-offset': [ '1.0.1' ],
43 silly audit   debug: [ '4.4.3', '3.2.7' ],
43 silly audit   'decimal.js': [ '10.6.0' ],
43 silly audit   'decimal.js-light': [ '2.5.1' ],
43 silly audit   'deep-is': [ '0.1.4' ],
43 silly audit   deepmerge: [ '4.3.1' ],
43 silly audit   'define-data-property': [ '1.1.4' ],
43 silly audit   'define-properties': [ '1.2.1' ],
43 silly audit   del: [ '4.1.1' ],
43 silly audit   globby: [ '6.1.0', '11.1.0' ],
43 silly audit   pify: [ '2.3.0', '4.0.1' ],
43 silly audit   'detect-libc': [ '2.1.2' ],
43 silly audit   'dir-glob': [ '3.0.1' ],
43 silly audit   doctrine: [ '2.1.0' ],
43 silly audit   'dunder-proto': [ '1.0.1' ],
43 silly audit   ejs: [ '3.1.10' ],
43 silly audit   'electron-to-chromium': [ '1.5.286' ],
43 silly audit   'emoji-regex': [ '9.2.2' ],
43 silly audit   'emojis-list': [ '3.0.0' ],
43 silly audit   'engine.io-client': [ '6.6.4' ],
43 silly audit   'engine.io-parser': [ '5.2.3' ],
43 silly audit   'enhanced-resolve': [ '5.20.1' ],
43 silly audit   entities: [ '4.5.0' ],
43 silly audit   'es-abstract': [ '1.24.1' ],
43 silly audit   'es-define-property': [ '1.0.1' ],
43 silly audit   'es-errors': [ '1.3.0' ],
43 silly audit   'es-iterator-helpers': [ '1.2.2' ],
43 silly audit   'es-module-lexer': [ '2.0.0' ],
43 silly audit   'es-object-atoms': [ '1.1.1' ],
43 silly audit   'es-set-tostringtag': [ '2.1.0' ],
43 silly audit   'es-shim-unscopables': [ '1.1.0' ],
43 silly audit   'es-to-primitive': [ '1.3.0' ],
43 silly audit   'es-toolkit': [ '1.44.0' ],
43 silly audit   escalade: [ '3.2.0' ],
43 silly audit   'escape-string-regexp': [ '4.0.0' ],
43 silly audit   eslint: [ '9.39.2' ],
43 silly audit   'eslint-config-next': [ '16.1.6' ],
43 silly audit   globals: [ '16.4.0', '14.0.0' ],
43 silly audit   'eslint-import-resolver-node': [ '0.3.9' ],
43 silly audit   'eslint-import-resolver-typescript': [ '3.10.1' ],
43 silly audit   'eslint-module-utils': [ '2.12.1' ],
43 silly audit   'eslint-plugin-import': [ '2.32.0' ],
43 silly audit   'eslint-plugin-jsx-a11y': [ '6.10.2' ],
43 silly audit   'eslint-plugin-react': [ '7.37.5' ],
43 silly audit   'eslint-plugin-react-hooks': [ '7.0.1' ],
43 silly audit   resolve: [ '2.0.0-next.5', '1.22.11' ],
43 silly audit   'eslint-scope': [ '8.4.0', '5.1.1' ],
43 silly audit   espree: [ '10.4.0' ],
43 silly audit   esquery: [ '1.7.0' ],
43 silly audit   esrecurse: [ '4.3.0' ],
43 silly audit   estraverse: [ '5.3.0', '4.3.0' ],
43 silly audit   esutils: [ '2.0.3' ],
43 silly audit   eventemitter3: [ '5.0.4' ],
43 silly audit   events: [ '3.3.0' ],
43 silly audit   'expect-type': [ '1.3.0' ],
43 silly audit   'fast-deep-equal': [ '3.1.3' ],
43 silly audit   'fast-equals': [ '5.4.0' ],
43 silly audit   'fast-glob': [ '3.3.1' ],
43 silly audit   'glob-parent': [ '5.1.2', '6.0.2' ],
43 silly audit   'fast-json-stable-stringify': [ '2.1.0' ],
43 silly audit   'fast-levenshtein': [ '2.0.6' ],
43 silly audit   'fast-uri': [ '3.1.0' ],
43 silly audit   fastq: [ '1.20.1' ],
43 silly audit   'file-entry-cache': [ '8.0.0' ],
43 silly audit   filelist: [ '1.0.6' ],
43 silly audit   'fill-range': [ '7.1.1' ],
43 silly audit   'find-cache-dir': [ '3.3.2' ],
43 silly audit   'find-up': [ '5.0.0', '4.1.0' ],
43 silly audit   'flat-cache': [ '4.0.1' ],
43 silly audit   flatted: [ '3.3.3' ],
43 silly audit   'for-each': [ '0.3.5' ],
43 silly audit   frac: [ '1.1.2' ],
43 silly audit   'framer-motion': [ '12.34.0' ],
43 silly audit   'fs-extra': [ '9.1.0' ],
43 silly audit   'fs.realpath': [ '1.0.0' ],
43 silly audit   fsevents: [ '2.3.3' ],
43 silly audit   'function-bind': [ '1.1.2' ],
43 silly audit   'function.prototype.name': [ '1.1.8' ],
43 silly audit   'functions-have-names': [ '1.2.3' ],
43 silly audit   'generator-function': [ '2.0.1' ],
43 silly audit   gensync: [ '1.0.0-beta.2' ],
43 silly audit   'get-intrinsic': [ '1.3.0' ],
43 silly audit   'get-own-enumerable-property-symbols': [ '3.0.2' ],
43 silly audit   'get-proto': [ '1.0.1' ],
43 silly audit   'get-symbol-description': [ '1.1.0' ],
43 silly audit   'get-tsconfig': [ '4.13.6' ],
43 silly audit   glob: [ '7.2.3' ],
43 silly audit   'glob-to-regexp': [ '0.4.1' ],
43 silly audit   globalthis: [ '1.0.4' ],
43 silly audit   goober: [ '2.1.18' ],
43 silly audit   gopd: [ '1.2.0' ],
43 silly audit   'graceful-fs': [ '4.2.11' ],
43 silly audit   'has-bigints': [ '1.1.0' ],
43 silly audit   'has-flag': [ '4.0.0' ],
43 silly audit   'has-property-descriptors': [ '1.0.2' ],
43 silly audit   'has-proto': [ '1.2.0' ],
43 silly audit   'has-symbols': [ '1.1.0' ],
43 silly audit   'has-tostringtag': [ '1.0.2' ],
43 silly audit   hasown: [ '2.0.2' ],
43 silly audit   'hermes-estree': [ '0.25.1' ],
43 silly audit   'hermes-parser': [ '0.25.1' ],
43 silly audit   idb: [ '7.1.1' ],
43 silly audit   immer: [ '11.1.4', '10.2.0' ],
43 silly audit   'import-fresh': [ '3.3.1' ],
43 silly audit   imurmurhash: [ '0.1.4' ],
43 silly audit   inflight: [ '1.0.6' ],
43 silly audit   inherits: [ '2.0.4' ],
43 silly audit   'input-otp': [ '1.4.2' ],
43 silly audit   'internal-slot': [ '1.1.0' ],
43 silly audit   internmap: [ '2.0.3' ],
43 silly audit   'intl-messageformat': [ '10.7.18' ],
43 silly audit   'is-array-buffer': [ '3.0.5' ],
43 silly audit   'is-async-function': [ '2.1.1' ],
43 silly audit   'is-bigint': [ '1.1.0' ],
43 silly audit   'is-boolean-object': [ '1.2.2' ],
43 silly audit   'is-bun-module': [ '2.0.0' ],
43 silly audit   'is-callable': [ '1.2.7' ],
43 silly audit   'is-core-module': [ '2.16.1' ],
43 silly audit   'is-data-view': [ '1.0.2' ],
43 silly audit   'is-date-object': [ '1.1.0' ],
43 silly audit   'is-extglob': [ '2.1.1' ],
43 silly audit   'is-finalizationregistry': [ '1.1.1' ],
43 silly audit   'is-generator-function': [ '1.1.2' ],
43 silly audit   'is-glob': [ '4.0.3' ],
43 silly audit   'is-map': [ '2.0.3' ],
43 silly audit   'is-module': [ '1.0.0' ],
43 silly audit   'is-negative-zero': [ '2.0.3' ],
43 silly audit   'is-number': [ '7.0.0' ],
43 silly audit   'is-number-object': [ '1.1.1' ],
43 silly audit   'is-obj': [ '1.0.1' ],
43 silly audit   'is-path-cwd': [ '2.2.0' ],
43 silly audit   'is-path-in-cwd': [ '2.1.0' ],
43 silly audit   'is-path-inside': [ '2.1.0' ],
43 silly audit   'is-regex': [ '1.2.1' ],
43 silly audit   'is-regexp': [ '1.0.0' ],
43 silly audit   'is-set': [ '2.0.3' ],
43 silly audit   'is-shared-array-buffer': [ '1.0.4' ],
43 silly audit   'is-stream': [ '2.0.1' ],
43 silly audit   'is-string': [ '1.1.1' ],
43 silly audit   'is-symbol': [ '1.1.1' ],
43 silly audit   'is-typed-array': [ '1.1.15' ],
43 silly audit   'is-weakmap': [ '2.0.2' ],
43 silly audit   'is-weakref': [ '1.1.1' ],
43 silly audit   'is-weakset': [ '2.0.4' ],
43 silly audit   isarray: [ '2.0.5' ],
43 silly audit   isexe: [ '2.0.0' ],
43 silly audit   'iterator.prototype': [ '1.1.5' ],
43 silly audit   jake: [ '10.9.4' ],
43 silly audit   'jest-worker': [ '27.5.1', '26.6.2' ],
43 silly audit   'supports-color': [ '8.1.1', '7.2.0' ],
43 silly audit   jiti: [ '2.6.1' ],
43 silly audit   jose: [ '4.15.9' ],
43 silly audit   'js-tokens': [ '4.0.0' ],
43 silly audit   'js-yaml': [ '4.1.1' ],
43 silly audit   jsesc: [ '3.1.0' ],
43 silly audit   'json-buffer': [ '3.0.1' ],
43 silly audit   'json-parse-even-better-errors': [ '2.3.1' ],
43 silly audit   'json-stable-stringify-without-jsonify': [ '1.0.1' ],
43 silly audit   json5: [ '2.2.3', '1.0.2' ],
43 silly audit   jsonfile: [ '6.2.0' ],
43 silly audit   jsonpointer: [ '5.0.1' ],
43 silly audit   'jsx-ast-utils': [ '3.3.5' ],
43 silly audit   keyv: [ '4.5.4' ],
43 silly audit   'language-subtag-registry': [ '0.3.23' ],
43 silly audit   'language-tags': [ '1.0.9' ],
43 silly audit   'laravel-echo': [ '2.3.0' ],
43 silly audit   leven: [ '3.1.0' ],
43 silly audit   levn: [ '0.4.1' ],
43 silly audit   lightningcss: [ '1.30.2', '1.32.0' ],
43 silly audit   'lightningcss-android-arm64': [ '1.30.2', '1.32.0' ],
43 silly audit   'lightningcss-darwin-arm64': [ '1.30.2', '1.32.0' ],
43 silly audit   'lightningcss-darwin-x64': [ '1.30.2', '1.32.0' ],
43 silly audit   'lightningcss-freebsd-x64': [ '1.30.2', '1.32.0' ],
43 silly audit   'lightningcss-linux-arm-gnueabihf': [ '1.30.2', '1.32.0' ],
43 silly audit   'lightningcss-linux-arm64-gnu': [ '1.30.2', '1.32.0' ],
43 silly audit   'lightningcss-linux-arm64-musl': [ '1.30.2', '1.32.0' ],
43 silly audit   'lightningcss-linux-x64-gnu': [ '1.30.2', '1.32.0' ],
43 silly audit   'lightningcss-linux-x64-musl': [ '1.30.2', '1.32.0' ],
43 silly audit   'lightningcss-win32-arm64-msvc': [ '1.30.2', '1.32.0' ],
43 silly audit   'lightningcss-win32-x64-msvc': [ '1.30.2', '1.32.0' ],
43 silly audit   'linkify-it': [ '5.0.0' ],
43 silly audit   linkifyjs: [ '4.3.2' ],
43 silly audit   'loader-runner': [ '4.3.1' ],
43 silly audit   'loader-utils': [ '2.0.4' ],
43 silly audit   'locate-path': [ '6.0.0', '5.0.0' ],
43 silly audit   lodash: [ '4.17.23' ],
43 silly audit   'lodash.debounce': [ '4.0.8' ],
43 silly audit   'lodash.merge': [ '4.6.2' ],
43 silly audit   'lodash.sortby': [ '4.7.0' ],
43 silly audit   'loose-envify': [ '1.4.0' ],
43 silly audit   'lru-cache': [ '5.1.1', '6.0.0' ],
43 silly audit   'lucide-react': [ '0.554.0' ],
43 silly audit   'make-dir': [ '3.1.0' ],
43 silly audit   'markdown-it': [ '14.1.1' ],
43 silly audit   'math-intrinsics': [ '1.1.0' ],
43 silly audit   mdurl: [ '2.0.0' ],
43 silly audit   'merge-stream': [ '2.0.0' ],
43 silly audit   merge2: [ '1.4.1' ],
43 silly audit   micromatch: [ '4.0.8' ],
43 silly audit   'mime-db': [ '1.52.0' ],
43 silly audit   'mime-types': [ '2.1.35' ],
43 silly audit   minimist: [ '1.2.8' ],
43 silly audit   'motion-dom': [ '12.34.0' ],
43 silly audit   'motion-utils': [ '12.29.2' ],
43 silly audit   ms: [ '2.1.3' ],
43 silly audit   nanoid: [ '3.3.11' ],
43 silly audit   'napi-postinstall': [ '0.3.4' ],
43 silly audit   'natural-compare': [ '1.4.0' ],
43 silly audit   'neo-async': [ '2.6.2' ],
43 silly audit   next: [ '16.1.6' ],
43 silly audit   'next-auth': [ '4.24.13' ],
43 silly audit   'next-pwa': [ '5.6.0' ],
43 silly audit   'next-themes': [ '0.4.6' ],
43 silly audit   postcss: [ '8.4.31', '8.5.9' ],
43 silly audit   'node-releases': [ '2.0.27' ],
43 silly audit   oauth: [ '0.9.15' ],
43 silly audit   'object-assign': [ '4.1.1' ],
43 silly audit   'object-hash': [ '2.2.0' ],
43 silly audit   'object-inspect': [ '1.13.4' ],
43 silly audit   'object-keys': [ '1.1.1' ],
43 silly audit   'object.assign': [ '4.1.7' ],
43 silly audit   'object.entries': [ '1.1.9' ],
43 silly audit   'object.fromentries': [ '2.0.8' ],
43 silly audit   'object.groupby': [ '1.0.3' ],
43 silly audit   'object.values': [ '1.2.1' ],
43 silly audit   obug: [ '2.1.1' ],
43 silly audit   'oidc-token-hash': [ '5.2.0' ],
43 silly audit   once: [ '1.4.0' ],
43 silly audit   'openid-client': [ '5.7.1' ],
43 silly audit   yallist: [ '4.0.0', '3.1.1' ],
43 silly audit   optionator: [ '0.9.4' ],
43 silly audit   orderedmap: [ '2.1.1' ],
43 silly audit   'own-keys': [ '1.0.1' ],
43 silly audit   'p-limit': [ '3.1.0', '2.3.0' ],
43 silly audit   'p-locate': [ '5.0.0', '4.1.0' ],
43 silly audit   'p-map': [ '2.1.0' ],
43 silly audit   'p-try': [ '2.2.0' ],
43 silly audit   'parent-module': [ '1.0.1' ],
43 silly audit   'path-exists': [ '4.0.0' ],
43 silly audit   'path-is-absolute': [ '1.0.1' ],
43 silly audit   'path-is-inside': [ '1.0.2' ],
43 silly audit   'path-key': [ '3.1.1' ],
43 silly audit   'path-parse': [ '1.0.7' ],
43 silly audit   'path-type': [ '4.0.0' ],
43 silly audit   pathe: [ '2.0.3' ],
43 silly audit   picocolors: [ '1.1.1' ],
43 silly audit   picomatch: [ '2.3.1', '4.0.3', '4.0.4' ],
43 silly audit   pinkie: [ '2.0.4' ],
43 silly audit   'pinkie-promise': [ '2.0.1' ],
43 silly audit   'pkg-dir': [ '4.2.0' ],
43 silly audit   'possible-typed-array-names': [ '1.1.0' ],
43 silly audit   'postcss-selector-parser': [ '6.0.10' ],
43 silly audit   preact: [ '10.28.3' ],
43 silly audit   'preact-render-to-string': [ '5.2.6' ],
43 silly audit   'prelude-ls': [ '1.2.1' ],
43 silly audit   'pretty-bytes': [ '5.6.0' ],
43 silly audit   'pretty-format': [ '3.8.0' ],
43 silly audit   'prop-types': [ '15.8.1' ],
43 silly audit   'prosemirror-changeset': [ '2.4.0' ],
43 silly audit   'prosemirror-collab': [ '1.3.1' ],
43 silly audit   'prosemirror-commands': [ '1.7.1' ],
43 silly audit   'prosemirror-dropcursor': [ '1.8.2' ],
43 silly audit   'prosemirror-gapcursor': [ '1.4.0' ],
43 silly audit   'prosemirror-history': [ '1.5.0' ],
43 silly audit   'prosemirror-inputrules': [ '1.5.1' ],
43 silly audit   'prosemirror-keymap': [ '1.2.3' ],
43 silly audit   'prosemirror-markdown': [ '1.13.4' ],
43 silly audit   'prosemirror-menu': [ '1.3.0' ],
43 silly audit   'prosemirror-model': [ '1.25.4' ],
43 silly audit   'prosemirror-schema-basic': [ '1.2.4' ],
43 silly audit   'prosemirror-schema-list': [ '1.5.1' ],
43 silly audit   'prosemirror-state': [ '1.4.4' ],
43 silly audit   'prosemirror-tables': [ '1.8.5' ],
43 silly audit   'prosemirror-trailing-node': [ '3.0.0' ],
43 silly audit   'prosemirror-transform': [ '1.11.0' ],
43 silly audit   'prosemirror-view': [ '1.41.6' ],
43 silly audit   punycode: [ '2.3.1' ],
43 silly audit   'punycode.js': [ '2.3.1' ],
43 silly audit   'pusher-js': [ '8.4.0' ],
43 silly audit   'queue-microtask': [ '1.2.3' ],
43 silly audit   randombytes: [ '2.1.0' ],
43 silly audit   react: [ '19.2.3' ],
43 silly audit   'react-aria': [ '3.47.0' ],
43 silly audit   'react-aria-components': [ '1.16.0' ],
43 silly audit   'react-dom': [ '19.2.3' ],
43 silly audit   'react-hot-toast': [ '2.6.0' ],
43 silly audit   'react-is': [ '16.13.1' ],
43 silly audit   'react-redux': [ '9.2.0' ],
43 silly audit   'react-stately': [ '3.45.0' ],
43 silly audit   recharts: [ '3.7.0' ],
43 silly audit   redux: [ '5.0.1' ],
43 silly audit   'redux-thunk': [ '3.1.0' ],
43 silly audit   'reflect.getprototypeof': [ '1.0.10' ],
43 silly audit   regenerate: [ '1.4.2' ],
43 silly audit   'regenerate-unicode-properties': [ '10.2.2' ],
43 silly audit   'regexp.prototype.flags': [ '1.5.4' ],
43 silly audit   'regexpu-core': [ '6.4.0' ],
43 silly audit   regjsgen: [ '0.8.0' ],
43 silly audit   regjsparser: [ '0.13.1' ],
43 silly audit   'require-from-string': [ '2.0.2' ],
43 silly audit   reselect: [ '5.1.1' ],
43 silly audit   'resolve-from': [ '4.0.0' ],
43 silly audit   'resolve-pkg-maps': [ '1.0.0' ],
43 silly audit   reusify: [ '1.1.0' ],
43 silly audit   rimraf: [ '2.7.1' ],
43 silly audit   rolldown: [ '1.0.0-rc.15' ],
43 silly audit   rollup: [ '2.80.0' ],
43 silly audit   'rollup-plugin-terser': [ '7.0.2' ],
43 silly audit   'rope-sequence': [ '1.3.4' ],
43 silly audit   'run-parallel': [ '1.2.0' ],
43 silly audit   'safe-array-concat': [ '1.1.3' ],
43 silly audit   'safe-buffer': [ '5.2.1' ],
43 silly audit   'safe-push-apply': [ '1.0.0' ],
43 silly audit   'safe-regex-test': [ '1.1.0' ],
43 silly audit   scheduler: [ '0.27.0' ],
43 silly audit   'schema-utils': [ '2.7.1', '4.3.3' ],
43 silly audit   'serialize-javascript': [ '4.0.0' ],
43 silly audit   'set-function-length': [ '1.2.2' ],
43 silly audit   'set-function-name': [ '2.0.2' ],
43 silly audit   'set-proto': [ '1.0.0' ],
43 silly audit   sharp: [ '0.34.5' ],
43 silly audit   'shebang-command': [ '2.0.0' ],
43 silly audit   'shebang-regex': [ '3.0.0' ],
43 silly audit   'side-channel': [ '1.1.0' ],
43 silly audit   'side-channel-list': [ '1.0.0' ],
43 silly audit   'side-channel-map': [ '1.0.1' ],
43 silly audit   'side-channel-weakmap': [ '1.0.2' ],
43 silly audit   siginfo: [ '2.0.0' ],
43 silly audit   slash: [ '3.0.0' ],
43 silly audit   'socket.io-client': [ '4.8.3' ],
43 silly audit   'socket.io-parser': [ '4.2.5' ],
43 silly audit   'source-list-map': [ '2.0.1' ],
43 silly audit   'source-map': [ '0.6.1', '0.8.0-beta.0' ],
43 silly audit   'source-map-js': [ '1.2.1' ],
43 silly audit   'source-map-support': [ '0.5.21' ],
43 silly audit   'sourcemap-codec': [ '1.4.8' ],
43 silly audit   ssf: [ '0.11.2' ],
43 silly audit   'stable-hash': [ '0.0.5' ],
43 silly audit   stackback: [ '0.0.2' ],
43 silly audit   'std-env': [ '4.0.0' ],
43 silly audit   'stop-iteration-iterator': [ '1.1.0' ],
43 silly audit   'string.prototype.includes': [ '2.0.1' ],
43 silly audit   'string.prototype.matchall': [ '4.0.12' ],
43 silly audit   'string.prototype.repeat': [ '1.0.0' ],
43 silly audit   'string.prototype.trim': [ '1.2.10' ],
43 silly audit   'string.prototype.trimend': [ '1.0.9' ],
43 silly audit   'string.prototype.trimstart': [ '1.0.8' ],
43 silly audit   'stringify-object': [ '3.3.0' ],
43 silly audit   'strip-bom': [ '3.0.0' ],
43 silly audit   'strip-comments': [ '2.0.1' ],
43 silly audit   'strip-json-comments': [ '3.1.1' ],
43 silly audit   'styled-jsx': [ '5.1.6' ],
43 silly audit   'supports-preserve-symlinks-flag': [ '1.0.0' ],
43 silly audit   'tailwind-merge': [ '3.4.0' ],
43 silly audit   'tailwind-variants': [ '3.2.2' ],
43 silly audit   tailwindcss: [ '4.1.18' ],
43 silly audit   tapable: [ '2.3.0' ],
43 silly audit   'temp-dir': [ '2.0.0' ],
43 silly audit   tempy: [ '0.6.0' ],
43 silly audit   terser: [ '5.46.1' ],
43 silly audit   'terser-webpack-plugin': [ '5.4.0' ],
43 silly audit   'tiny-invariant': [ '1.3.3' ],
43 silly audit   tinybench: [ '2.9.0' ],
43 silly audit   tinyexec: [ '1.1.1' ],
43 silly audit   tinyglobby: [ '0.2.15' ],
43 silly audit   fdir: [ '6.5.0' ],
43 silly audit   tinyrainbow: [ '3.1.0' ],
43 silly audit   'to-regex-range': [ '5.0.1' ],
43 silly audit   tr46: [ '1.0.1' ],
43 silly audit   'ts-api-utils': [ '2.4.0' ],
43 silly audit   'tsconfig-paths': [ '3.15.0' ],
43 silly audit   tslib: [ '2.8.1' ],
43 silly audit   'tw-animate-css': [ '1.4.0' ],
43 silly audit   tweetnacl: [ '1.0.3' ],
43 silly audit   'type-check': [ '0.4.0' ],
43 silly audit   'type-fest': [ '0.16.0' ],
43 silly audit   'typed-array-buffer': [ '1.0.3' ],
43 silly audit   'typed-array-byte-length': [ '1.0.3' ],
43 silly audit   'typed-array-byte-offset': [ '1.0.4' ],
43 silly audit   'typed-array-length': [ '1.0.7' ],
43 silly audit   typescript: [ '5.9.3' ],
43 silly audit   'typescript-eslint': [ '8.55.0' ],
43 silly audit   'uc.micro': [ '2.1.0' ],
43 silly audit   'unbox-primitive': [ '1.1.0' ],
43 silly audit   'undici-types': [ '6.21.0' ],
43 silly audit   'unicode-canonical-property-names-ecmascript': [ '2.0.1' ],
43 silly audit   'unicode-match-property-ecmascript': [ '2.0.0' ],
43 silly audit   'unicode-match-property-value-ecmascript': [ '2.2.1' ],
43 silly audit   'unicode-property-aliases-ecmascript': [ '2.2.0' ],
43 silly audit   'unique-string': [ '2.0.0' ],
43 silly audit   universalify: [ '2.0.1' ],
43 silly audit   'unrs-resolver': [ '1.11.1' ],
43 silly audit   upath: [ '1.2.0' ],
43 silly audit   'update-browserslist-db': [ '1.2.3' ],
43 silly audit   'uri-js': [ '4.4.1' ],
43 silly audit   'use-sync-external-store': [ '1.6.0' ],
43 silly audit   'util-deprecate': [ '1.0.2' ],
43 silly audit   uuid: [ '8.3.2' ],
43 silly audit   'victory-vendor': [ '37.3.6' ],
43 silly audit   vite: [ '8.0.8' ],
43 silly audit   vitest: [ '4.1.4' ],
43 silly audit   'w3c-keyname': [ '2.2.8' ],
43 silly audit   watchpack: [ '2.5.1' ],
43 silly audit   'webidl-conversions': [ '4.0.2' ],
43 silly audit   webpack: [ '5.105.4' ],
43 silly audit   'webpack-sources': [ '3.3.4', '1.4.3' ],
43 silly audit   'whatwg-url': [ '7.1.0' ],
43 silly audit   which: [ '2.0.2' ],
43 silly audit   'which-boxed-primitive': [ '1.1.1' ],
43 silly audit   'which-builtin-type': [ '1.2.1' ],
43 silly audit   'which-collection': [ '1.0.2' ],
43 silly audit   'which-typed-array': [ '1.1.20' ],
43 silly audit   'why-is-node-running': [ '2.3.0' ],
43 silly audit   wmf: [ '1.0.2' ],
43 silly audit   word: [ '0.3.0' ],
43 silly audit   'word-wrap': [ '1.2.5' ],
43 silly audit   'workbox-background-sync': [ '6.6.0' ],
43 silly audit   'workbox-broadcast-update': [ '6.6.0' ],
43 silly audit   'workbox-build': [ '6.6.0' ],
43 silly audit   '@apideck/better-ajv-errors': [ '0.3.7' ],
43 silly audit   'workbox-cacheable-response': [ '6.6.0' ],
43 silly audit   'workbox-core': [ '6.6.0' ],
43 silly audit   'workbox-expiration': [ '6.6.0' ],
43 silly audit   'workbox-google-analytics': [ '6.6.0' ],
43 silly audit   'workbox-navigation-preload': [ '6.6.0' ],
43 silly audit   'workbox-precaching': [ '6.6.0' ],
43 silly audit   'workbox-range-requests': [ '6.6.0' ],
43 silly audit   'workbox-recipes': [ '6.6.0' ],
43 silly audit   'workbox-routing': [ '6.6.0' ],
43 silly audit   'workbox-strategies': [ '6.6.0' ],
43 silly audit   'workbox-streams': [ '6.6.0' ],
43 silly audit   'workbox-sw': [ '6.6.0' ],
43 silly audit   'workbox-webpack-plugin': [ '6.6.0' ],
43 silly audit   'workbox-window': [ '6.6.0' ],
43 silly audit   wrappy: [ '1.0.2' ],
43 silly audit   ws: [ '8.18.3' ],
43 silly audit   xlsx: [ '0.18.5' ],
43 silly audit   'xmlhttprequest-ssl': [ '2.1.2' ],
43 silly audit   'yocto-queue': [ '0.1.0' ],
43 silly audit   zod: [ '4.3.6' ],
43 silly audit   'zod-validation-error': [ '4.0.2' ],
43 silly audit   '@emnapi/runtime': [ '1.10.0', '1.9.2', '1.7.1' ],
43 silly audit   '@emnapi/core': [ '1.10.0', '1.9.2', '1.7.1' ],
43 silly audit   '@tailwindcss/oxide-wasm32-wasi': [ '4.1.18' ],
43 silly audit   '@floating-ui/dom': [ '1.7.6' ]
43 silly audit }
44 http fetch POST 200 https://registry.npmjs.org/-/npm/v1/security/advisories/bulk 566ms
45 silly audit report {
45 silly audit report   'brace-expansion': [
45 silly audit report     {
45 silly audit report       id: 1115540,
45 silly audit report       url: 'https://github.com/advisories/GHSA-f886-m6hf-6m8v',
45 silly audit report       title: 'brace-expansion: Zero-step sequence causes process hang and memory exhaustion',
45 silly audit report       severity: 'moderate',
45 silly audit report       vulnerable_versions: '<1.1.13',
45 silly audit report       cwe: [Array],
45 silly audit report       cvss: [Object]
45 silly audit report     },
45 silly audit report     {
45 silly audit report       id: 1115541,
45 silly audit report       url: 'https://github.com/advisories/GHSA-f886-m6hf-6m8v',
45 silly audit report       title: 'brace-expansion: Zero-step sequence causes process hang and memory exhaustion',
45 silly audit report       severity: 'moderate',
45 silly audit report       vulnerable_versions: '>=2.0.0 <2.0.3',
45 silly audit report       cwe: [Array],
45 silly audit report       cvss: [Object]
45 silly audit report     }
45 silly audit report   ],
45 silly audit report   minimatch: [
45 silly audit report     {
45 silly audit report       id: 1113459,
45 silly audit report       url: 'https://github.com/advisories/GHSA-3ppc-4f35-3m26',
45 silly audit report       title: 'minimatch has a ReDoS via repeated wildcards with non-matching literal in pattern',
45 silly audit report       severity: 'high',
45 silly audit report       vulnerable_versions: '<3.1.3',
45 silly audit report       cwe: [Array],
45 silly audit report       cvss: [Object]
45 silly audit report     },
45 silly audit report     {
45 silly audit report       id: 1113465,
45 silly audit report       url: 'https://github.com/advisories/GHSA-3ppc-4f35-3m26',
45 silly audit report       title: 'minimatch has a ReDoS via repeated wildcards with non-matching literal in pattern',
45 silly audit report       severity: 'high',
45 silly audit report       vulnerable_versions: '>=9.0.0 <9.0.6',
45 silly audit report       cwe: [Array],
45 silly audit report       cvss: [Object]
45 silly audit report     },
45 silly audit report     {
45 silly audit report       id: 1113538,
45 silly audit report       url: 'https://github.com/advisories/GHSA-7r86-cg39-jmmj',
45 silly audit report       title: 'minimatch has ReDoS: matchOne() combinatorial backtracking via multiple non-adjacent GLOBSTAR segments',
45 silly audit report       severity: 'high',
45 silly audit report       vulnerable_versions: '<3.1.3',
45 silly audit report       cwe: [Array],
45 silly audit report       cvss: [Object]
45 silly audit report     },
45 silly audit report     {
45 silly audit report       id: 1113544,
45 silly audit report       url: 'https://github.com/advisories/GHSA-7r86-cg39-jmmj',
45 silly audit report       title: 'minimatch has ReDoS: matchOne() combinatorial backtracking via multiple non-adjacent GLOBSTAR segments',
45 silly audit report       severity: 'high',
45 silly audit report       vulnerable_versions: '>=9.0.0 <9.0.7',
45 silly audit report       cwe: [Array],
45 silly audit report       cvss: [Object]
45 silly audit report     },
45 silly audit report     {
45 silly audit report       id: 1113546,
45 silly audit report       url: 'https://github.com/advisories/GHSA-23c5-xmqv-rm74',
45 silly audit report       title: 'minimatch ReDoS: nested *() extglobs generate catastrophically backtracking regular expressions',
45 silly audit report       severity: 'high',
45 silly audit report       vulnerable_versions: '<3.1.4',
45 silly audit report       cwe: [Array],
45 silly audit report       cvss: [Object]
45 silly audit report     },
45 silly audit report     {
45 silly audit report       id: 1113552,
45 silly audit report       url: 'https://github.com/advisories/GHSA-23c5-xmqv-rm74',
45 silly audit report       title: 'minimatch ReDoS: nested *() extglobs generate catastrophically backtracking regular expressions',
45 silly audit report       severity: 'high',
45 silly audit report       vulnerable_versions: '>=9.0.0 <9.0.7',
45 silly audit report       cwe: [Array],
45 silly audit report       cvss: [Object]
45 silly audit report     }
45 silly audit report   ],
45 silly audit report   ajv: [
45 silly audit report     {
45 silly audit report       id: 1113714,
45 silly audit report       url: 'https://github.com/advisories/GHSA-2g4f-4pwh-qvx6',
45 silly audit report       title: 'ajv has ReDoS when using `$data` option',
45 silly audit report       severity: 'moderate',
45 silly audit report       vulnerable_versions: '<6.14.0',
45 silly audit report       cwe: [Array],
45 silly audit report       cvss: [Object]
45 silly audit report     }
45 silly audit report   ],
45 silly audit report   flatted: [
45 silly audit report     {
45 silly audit report       id: 1114526,
45 silly audit report       url: 'https://github.com/advisories/GHSA-25h7-pfq9-p65f',
45 silly audit report       title: 'flatted vulnerable to unbounded recursion DoS in parse() revive phase',
45 silly audit report       severity: 'high',
45 silly audit report       vulnerable_versions: '<3.4.0',
45 silly audit report       cwe: [Array],
45 silly audit report       cvss: [Object]
45 silly audit report     },
45 silly audit report     {
45 silly audit report       id: 1115357,
45 silly audit report       url: 'https://github.com/advisories/GHSA-rf6f-7fwh-wjgh',
45 silly audit report       title: 'Prototype Pollution via parse() in NodeJS flatted',
45 silly audit report       severity: 'high',
45 silly audit report       vulnerable_versions: '<=3.4.1',
45 silly audit report       cwe: [Array],
45 silly audit report       cvss: [Object]
45 silly audit report     }
45 silly audit report   ],
45 silly audit report   lodash: [
45 silly audit report     {
45 silly audit report       id: 1115806,
45 silly audit report       url: 'https://github.com/advisories/GHSA-r5fr-rjxr-66jc',
45 silly audit report       title: 'lodash vulnerable to Code Injection via `_.template` imports key names',
45 silly audit report       severity: 'high',
45 silly audit report       vulnerable_versions: '>=4.0.0 <=4.17.23',
45 silly audit report       cwe: [Array],
45 silly audit report       cvss: [Object]
45 silly audit report     },
45 silly audit report     {
45 silly audit report       id: 1115810,
45 silly audit report       url: 'https://github.com/advisories/GHSA-f23m-r3pf-42rh',
45 silly audit report       title: 'lodash vulnerable to Prototype Pollution via array path bypass in `_.unset` and `_.omit`',
45 silly audit report       severity: 'moderate',
45 silly audit report       vulnerable_versions: '<=4.17.23',
45 silly audit report       cwe: [Array],
45 silly audit report       cvss: [Object]
45 silly audit report     }
45 silly audit report   ],
45 silly audit report   next: [
45 silly audit report     {
45 silly audit report       id: 1114898,
45 silly audit report       url: 'https://github.com/advisories/GHSA-ggv3-7p47-pfv8',
45 silly audit report       title: 'Next.js: HTTP request smuggling in rewrites',
45 silly audit report       severity: 'moderate',
45 silly audit report       vulnerable_versions: '>=16.0.0-beta.0 <16.1.7',
45 silly audit report       cwe: [Array],
45 silly audit report       cvss: [Object]
45 silly audit report     },
45 silly audit report     {
45 silly audit report       id: 1114941,
45 silly audit report       url: 'https://github.com/advisories/GHSA-3x4c-7xq6-9pq8',
45 silly audit report       title: 'Next.js: Unbounded next/image disk cache growth can exhaust storage',
45 silly audit report       severity: 'moderate',
45 silly audit report       vulnerable_versions: '>=16.0.0-beta.0 <16.1.7',
45 silly audit report       cwe: [Array],
45 silly audit report       cvss: [Object]
45 silly audit report     },
45 silly audit report     {
45 silly audit report       id: 1114942,
45 silly audit report       url: 'https://github.com/advisories/GHSA-h27x-g6w4-24gq',
45 silly audit report       title: 'Next.js: Unbounded postponed resume buffering can lead to DoS',
45 silly audit report       severity: 'moderate',
45 silly audit report       vulnerable_versions: '>=16.0.1 <16.1.7',
45 silly audit report       cwe: [Array],
45 silly audit report       cvss: [Object]
45 silly audit report     },
45 silly audit report     {
45 silly audit report       id: 1114943,
45 silly audit report       url: 'https://github.com/advisories/GHSA-mq59-m269-xvcx',
45 silly audit report       title: 'Next.js: null origin can bypass Server Actions CSRF checks',
45 silly audit report       severity: 'moderate',
45 silly audit report       vulnerable_versions: '>=16.0.1 <16.1.7',
45 silly audit report       cwe: [Array],
45 silly audit report       cvss: [Object]
45 silly audit report     },
45 silly audit report     {
45 silly audit report       id: 1115360,
45 silly audit report       url: 'https://github.com/advisories/GHSA-jcc7-9wpm-mj36',
45 silly audit report       title: 'Next.js: null origin can bypass dev HMR websocket CSRF checks',
45 silly audit report       severity: 'low',
45 silly audit report       vulnerable_versions: '>=16.0.1 <16.1.7',
45 silly audit report       cwe: [Array],
45 silly audit report       cvss: [Object]
45 silly audit report     },
45 silly audit report     {
45 silly audit report       id: 1116375,
45 silly audit report       url: 'https://github.com/advisories/GHSA-q4gf-8mx6-v5v3',
45 silly audit report       title: 'Next.js has a Denial of Service with Server Components',
45 silly audit report       severity: 'high',
45 silly audit report       vulnerable_versions: '>=16.0.0-beta.0 <16.2.3',
45 silly audit report       cwe: [Array],
45 silly audit report       cvss: [Object]
45 silly audit report     }
45 silly audit report   ],
45 silly audit report   picomatch: [
45 silly audit report     {
45 silly audit report       id: 1115549,
45 silly audit report       url: 'https://github.com/advisories/GHSA-3v7f-55p6-f55p',
45 silly audit report       title: 'Picomatch: Method Injection in POSIX Character Classes causes incorrect Glob Matching',
45 silly audit report       severity: 'moderate',
45 silly audit report       vulnerable_versions: '<2.3.2',
45 silly audit report       cwe: [Array],
45 silly audit report       cvss: [Object]
45 silly audit report     },
45 silly audit report     {
45 silly audit report       id: 1115551,
45 silly audit report       url: 'https://github.com/advisories/GHSA-3v7f-55p6-f55p',
45 silly audit report       title: 'Picomatch: Method Injection in POSIX Character Classes causes incorrect Glob Matching',
45 silly audit report       severity: 'moderate',
45 silly audit report       vulnerable_versions: '>=4.0.0 <4.0.4',
45 silly audit report       cwe: [Array],
45 silly audit report       cvss: [Object]
45 silly audit report     },
45 silly audit report     {
45 silly audit report       id: 1115552,
45 silly audit report       url: 'https://github.com/advisories/GHSA-c2c7-rcm5-vvqj',
45 silly audit report       title: 'Picomatch has a ReDoS vulnerability via extglob quantifiers',
45 silly audit report       severity: 'high',
45 silly audit report       vulnerable_versions: '<2.3.2',
45 silly audit report       cwe: [Array],
45 silly audit report       cvss: [Object]
45 silly audit report     },
45 silly audit report     {
45 silly audit report       id: 1115554,
45 silly audit report       url: 'https://github.com/advisories/GHSA-c2c7-rcm5-vvqj',
45 silly audit report       title: 'Picomatch has a ReDoS vulnerability via extglob quantifiers',
45 silly audit report       severity: 'high',
45 silly audit report       vulnerable_versions: '>=4.0.0 <4.0.4',
45 silly audit report       cwe: [Array],
45 silly audit report       cvss: [Object]
45 silly audit report     }
45 silly audit report   ],
45 silly audit report   'serialize-javascript': [
45 silly audit report     {
45 silly audit report       id: 1113686,
45 silly audit report       url: 'https://github.com/advisories/GHSA-5c6j-r48x-rmvq',
45 silly audit report       title: 'Serialize JavaScript is Vulnerable to RCE via RegExp.flags and Date.prototype.toISOString()',
45 silly audit report       severity: 'high',
45 silly audit report       vulnerable_versions: '<=7.0.2',
45 silly audit report       cwe: [Array],
45 silly audit report       cvss: [Object]
45 silly audit report     },
45 silly audit report     {
45 silly audit report       id: 1115723,
45 silly audit report       url: 'https://github.com/advisories/GHSA-qj8w-gfj5-8c6v',
45 silly audit report       title: 'Serialize JavaScript has CPU Exhaustion Denial of Service via crafted array-like objects',
45 silly audit report       severity: 'moderate',
45 silly audit report       vulnerable_versions: '<7.0.5',
45 silly audit report       cwe: [Array],
45 silly audit report       cvss: [Object]
45 silly audit report     }
45 silly audit report   ],
45 silly audit report   'socket.io-parser': [
45 silly audit report     {
45 silly audit report       id: 1115154,
45 silly audit report       url: 'https://github.com/advisories/GHSA-677m-j7p3-52f9',
45 silly audit report       title: 'socket.io allows an unbounded number of binary attachments',
45 silly audit report       severity: 'high',
45 silly audit report       vulnerable_versions: '>=4.0.0 <4.2.6',
45 silly audit report       cwe: [Array],
45 silly audit report       cvss: [Object]
45 silly audit report     }
45 silly audit report   ],
45 silly audit report   xlsx: [
45 silly audit report     {
45 silly audit report       id: 1108110,
45 silly audit report       url: 'https://github.com/advisories/GHSA-4r6h-8v6p-xvw6',
45 silly audit report       title: 'Prototype Pollution in sheetJS',
45 silly audit report       severity: 'high',
45 silly audit report       vulnerable_versions: '<0.19.3',
45 silly audit report       cwe: [Array],
45 silly audit report       cvss: [Object]
45 silly audit report     },
45 silly audit report     {
45 silly audit report       id: 1108111,
45 silly audit report       url: 'https://github.com/advisories/GHSA-5pgg-2g8v-p4x9',
45 silly audit report       title: 'SheetJS Regular Expression Denial of Service (ReDoS)',
45 silly audit report       severity: 'high',
45 silly audit report       vulnerable_versions: '<0.20.2',
45 silly audit report       cwe: [Array],
45 silly audit report       cvss: [Object]
45 silly audit report     }
45 silly audit report   ]
45 silly audit report }
46 silly packumentCache corgi:https://registry.npmjs.org/brace-expansion cache-miss
47 silly packumentCache corgi:https://registry.npmjs.org/minimatch cache-miss
48 silly packumentCache corgi:https://registry.npmjs.org/ajv cache-miss
49 silly packumentCache corgi:https://registry.npmjs.org/flatted cache-miss
50 silly packumentCache corgi:https://registry.npmjs.org/lodash cache-miss
51 silly packumentCache corgi:https://registry.npmjs.org/next cache-miss
52 silly packumentCache corgi:https://registry.npmjs.org/picomatch cache-miss
53 silly packumentCache corgi:https://registry.npmjs.org/serialize-javascript cache-miss
54 silly packumentCache corgi:https://registry.npmjs.org/socket.io-parser cache-miss
55 silly packumentCache corgi:https://registry.npmjs.org/xlsx cache-miss
56 http fetch GET 200 https://registry.npmjs.org/minimatch 139ms (cache miss)
57 silly packumentCache corgi:https://registry.npmjs.org/minimatch set size:undefined disposed:false
58 http fetch GET 200 https://registry.npmjs.org/brace-expansion 201ms (cache miss)
59 silly packumentCache corgi:https://registry.npmjs.org/brace-expansion set size:undefined disposed:false
60 http fetch GET 200 https://registry.npmjs.org/socket.io-parser 383ms (cache miss)
61 silly packumentCache corgi:https://registry.npmjs.org/socket.io-parser set size:undefined disposed:false
62 http fetch GET 200 https://registry.npmjs.org/flatted 393ms (cache miss)
63 silly packumentCache corgi:https://registry.npmjs.org/flatted set size:undefined disposed:false
64 http fetch GET 200 https://registry.npmjs.org/lodash 416ms (cache miss)
65 silly packumentCache corgi:https://registry.npmjs.org/lodash set size:undefined disposed:false
66 http fetch GET 200 https://registry.npmjs.org/serialize-javascript 584ms (cache miss)
67 silly packumentCache corgi:https://registry.npmjs.org/serialize-javascript set size:undefined disposed:false
68 http fetch GET 200 https://registry.npmjs.org/picomatch 597ms (cache miss)
69 silly packumentCache corgi:https://registry.npmjs.org/picomatch set size:undefined disposed:false
70 http fetch GET 200 https://registry.npmjs.org/xlsx 618ms (cache miss)
71 silly packumentCache corgi:https://registry.npmjs.org/xlsx set size:undefined disposed:false
72 http fetch GET 200 https://registry.npmjs.org/ajv 782ms (cache miss)
73 silly packumentCache corgi:https://registry.npmjs.org/ajv set size:undefined disposed:false
74 http fetch GET 200 https://registry.npmjs.org/next 1326ms (cache miss)
75 silly packumentCache corgi:https://registry.npmjs.org/next set size:undefined disposed:false
76 silly packumentCache corgi:https://registry.npmjs.org/@eslint%2fconfig-array cache-miss
77 silly packumentCache corgi:https://registry.npmjs.org/@eslint%2feslintrc cache-miss
78 silly packumentCache corgi:https://registry.npmjs.org/eslint cache-miss
79 silly packumentCache corgi:https://registry.npmjs.org/eslint-plugin-import cache-miss
80 silly packumentCache corgi:https://registry.npmjs.org/eslint-plugin-jsx-a11y cache-miss
81 silly packumentCache corgi:https://registry.npmjs.org/eslint-plugin-react cache-miss
82 silly packumentCache corgi:https://registry.npmjs.org/glob cache-miss
83 http fetch GET 200 https://registry.npmjs.org/eslint-plugin-jsx-a11y 132ms (cache miss)
84 silly packumentCache corgi:https://registry.npmjs.org/eslint-plugin-jsx-a11y set size:undefined disposed:false
85 http fetch GET 200 https://registry.npmjs.org/eslint-plugin-import 142ms (cache miss)
86 silly packumentCache corgi:https://registry.npmjs.org/eslint-plugin-import set size:undefined disposed:false
87 http fetch GET 200 https://registry.npmjs.org/@eslint%2fconfig-array 150ms (cache miss)
88 silly packumentCache corgi:https://registry.npmjs.org/@eslint%2fconfig-array set size:undefined disposed:false
89 http fetch GET 200 https://registry.npmjs.org/glob 198ms (cache miss)
90 silly packumentCache corgi:https://registry.npmjs.org/glob set size:undefined disposed:false
91 http fetch GET 200 https://registry.npmjs.org/@eslint%2feslintrc 215ms (cache miss)
92 silly packumentCache corgi:https://registry.npmjs.org/@eslint%2feslintrc set size:undefined disposed:false
93 http fetch GET 200 https://registry.npmjs.org/eslint 238ms (cache miss)
94 silly packumentCache corgi:https://registry.npmjs.org/eslint set size:undefined disposed:false
95 http fetch GET 200 https://registry.npmjs.org/eslint-plugin-react 311ms (cache miss)
96 silly packumentCache corgi:https://registry.npmjs.org/eslint-plugin-react set size:undefined disposed:false
97 silly packumentCache corgi:https://registry.npmjs.org/@typescript-eslint%2ftypescript-estree cache-miss
98 http fetch GET 200 https://registry.npmjs.org/@typescript-eslint%2ftypescript-estree 946ms (cache miss)
99 silly packumentCache corgi:https://registry.npmjs.org/@typescript-eslint%2ftypescript-estree set size:undefined disposed:false
100 silly packumentCache corgi:https://registry.npmjs.org/ajv-keywords cache-miss
101 silly packumentCache corgi:https://registry.npmjs.org/schema-utils cache-miss
102 http fetch GET 200 https://registry.npmjs.org/schema-utils 167ms (cache miss)
103 silly packumentCache corgi:https://registry.npmjs.org/schema-utils set size:undefined disposed:false
104 http fetch GET 200 https://registry.npmjs.org/ajv-keywords 184ms (cache miss)
105 silly packumentCache corgi:https://registry.npmjs.org/ajv-keywords set size:undefined disposed:false
106 silly packumentCache corgi:https://registry.npmjs.org/flat-cache cache-miss
107 http fetch GET 200 https://registry.npmjs.org/flat-cache 131ms (cache miss)
108 silly packumentCache corgi:https://registry.npmjs.org/flat-cache set size:undefined disposed:false
109 silly packumentCache corgi:https://registry.npmjs.org/cloudinary cache-miss
110 silly packumentCache corgi:https://registry.npmjs.org/workbox-build cache-miss
111 http fetch GET 200 https://registry.npmjs.org/workbox-build 122ms (cache miss)
112 silly packumentCache corgi:https://registry.npmjs.org/workbox-build set size:undefined disposed:false
113 http fetch GET 200 https://registry.npmjs.org/cloudinary 130ms (cache miss)
114 silly packumentCache corgi:https://registry.npmjs.org/cloudinary set size:undefined disposed:false
115 silly packumentCache corgi:https://registry.npmjs.org/next-auth cache-miss
116 silly packumentCache corgi:https://registry.npmjs.org/next-pwa cache-miss
117 http fetch GET 200 https://registry.npmjs.org/next-pwa 202ms (cache miss)
118 silly packumentCache corgi:https://registry.npmjs.org/next-pwa set size:undefined disposed:false
119 http fetch GET 200 https://registry.npmjs.org/next-auth 512ms (cache miss)
120 silly packumentCache corgi:https://registry.npmjs.org/next-auth set size:undefined disposed:false
121 silly packumentCache corgi:https://registry.npmjs.org/@rollup%2fpluginutils cache-miss
122 silly packumentCache corgi:https://registry.npmjs.org/micromatch cache-miss
123 http fetch GET 200 https://registry.npmjs.org/micromatch 183ms (cache miss)
124 silly packumentCache corgi:https://registry.npmjs.org/micromatch set size:undefined disposed:false
125 http fetch GET 200 https://registry.npmjs.org/@rollup%2fpluginutils 240ms (cache miss)
126 silly packumentCache corgi:https://registry.npmjs.org/@rollup%2fpluginutils set size:undefined disposed:false
127 silly packumentCache corgi:https://registry.npmjs.org/tinyglobby cache-miss
128 silly packumentCache corgi:https://registry.npmjs.org/fdir cache-miss
129 http fetch GET 200 https://registry.npmjs.org/tinyglobby 168ms (cache miss)
130 silly packumentCache corgi:https://registry.npmjs.org/tinyglobby set size:undefined disposed:false
131 http fetch GET 200 https://registry.npmjs.org/fdir 172ms (cache miss)
132 silly packumentCache corgi:https://registry.npmjs.org/fdir set size:undefined disposed:false
133 silly packumentCache corgi:https://registry.npmjs.org/rollup-plugin-terser cache-miss
134 http fetch GET 200 https://registry.npmjs.org/rollup-plugin-terser 176ms (cache miss)
135 silly packumentCache corgi:https://registry.npmjs.org/rollup-plugin-terser set size:undefined disposed:false
136 silly packumentCache corgi:https://registry.npmjs.org/socket.io-client cache-miss
137 http fetch GET 200 https://registry.npmjs.org/socket.io-client 136ms (cache miss)
138 silly packumentCache corgi:https://registry.npmjs.org/socket.io-client set size:undefined disposed:false
139 silly packumentCache corgi:https://registry.npmjs.org/workbox-webpack-plugin cache-miss
140 http fetch GET 200 https://registry.npmjs.org/workbox-webpack-plugin 122ms (cache miss)
141 silly packumentCache corgi:https://registry.npmjs.org/workbox-webpack-plugin set size:undefined disposed:false
142 verbose cwd C:\Users\user\Documents\raf\fullstack apsara\Apsara-Home-Frontend
143 verbose os Windows_NT 10.0.26200
144 verbose node v24.13.1
145 verbose npm  v11.8.0
146 notice
146 notice New minor version of npm available! 11.8.0 -> 11.12.1
146 notice Changelog: https://github.com/npm/cli/releases/tag/v11.12.1
146 notice To update run: npm install -g npm@11.12.1
146 notice  { force: true, Symbol(proc-log.meta): true }
147 verbose exit 0
148 info ok
